#
# There is insufficient memory for the Java Runtime Environment to continue.
# Native memory allocation (malloc) failed to allocate 251056 bytes for Chunk::new
# Possible reasons:
#   The system is out of physical RAM or swap space
#   In 32 bit mode, the process size limit was hit
# Possible solutions:
#   Reduce memory load on the system
#   Increase physical memory or swap space
#   Check if swap backing store is full
#   Use 64 bit Java on a 64 bit OS
#   Decrease Java heap size (-Xmx/-Xms)
#   Decrease number of Java threads
#   Decrease Java thread stack sizes (-Xss)
#   Set larger code cache with -XX:ReservedCodeCacheSize=
# This output file may be truncated or incomplete.
#
#  Out of Memory Error (allocation.cpp:323), pid=2496, tid=232
#
# JRE version: Java(TM) SE Runtime Environment (7.0_60-b19) (build 1.7.0_60-b19)
# Java VM: Java HotSpot(TM) 64-Bit Server VM (24.60-b09 mixed mode windows-amd64 compressed oops)
# Failed to write core dump. Minidumps are not enabled by default on client versions of Windows
#

---------------  T H R E A D  ---------------

Current thread (0x0000000007b4b800):  JavaThread "C2 CompilerThread1" daemon [_thread_in_native, id=232, stack(0x0000000008ba0000,0x0000000008ca0000)]

Stack: [0x0000000008ba0000,0x0000000008ca0000]

Current CompileTask:
C2:   1744  115             com.android.dx.ssa.SsaBasicBlock::forEachInsn (37 bytes)


---------------  P R O C E S S  ---------------

Java Threads: ( => current thread )
  0x0000000009028000 JavaThread "pool-2-thread-4" [_thread_in_vm, id=1160, stack(0x00000000096a0000,0x00000000097a0000)]
  0x0000000009027800 JavaThread "pool-2-thread-3" [_thread_blocked, id=1832, stack(0x00000000095a0000,0x00000000096a0000)]
  0x0000000009026800 JavaThread "pool-2-thread-2" [_thread_in_vm, id=3124, stack(0x00000000094a0000,0x00000000095a0000)]
  0x0000000008fb5800 JavaThread "pool-3-thread-1" [_thread_blocked, id=3252, stack(0x00000000093a0000,0x00000000094a0000)]
  0x0000000008ff8000 JavaThread "pool-2-thread-1" [_thread_in_Java, id=2144, stack(0x00000000092a0000,0x00000000093a0000)]
  0x0000000007b4f800 JavaThread "Service Thread" daemon [_thread_blocked, id=3028, stack(0x0000000008ca0000,0x0000000008da0000)]
=>0x0000000007b4b800 JavaThread "C2 CompilerThread1" daemon [_thread_in_native, id=232, stack(0x0000000008ba0000,0x0000000008ca0000)]
  0x0000000007b46800 JavaThread "C2 CompilerThread0" daemon [_thread_in_native, id=1156, stack(0x0000000008aa0000,0x0000000008ba0000)]
  0x0000000007b45000 JavaThread "Attach Listener" daemon [_thread_blocked, id=3552, stack(0x00000000089a0000,0x0000000008aa0000)]
  0x0000000007b41800 JavaThread "Signal Dispatcher" daemon [_thread_blocked, id=5632, stack(0x00000000088a0000,0x00000000089a0000)]
  0x0000000007b03800 JavaThread "Finalizer" daemon [_thread_blocked, id=3016, stack(0x00000000087a0000,0x00000000088a0000)]
  0x0000000007b02000 JavaThread "Reference Handler" daemon [_thread_blocked, id=1028, stack(0x00000000086a0000,0x00000000087a0000)]
  0x0000000001e90800 JavaThread "main" [_thread_blocked, id=5588, stack(0x0000000001d90000,0x0000000001e90000)]

Other Threads:
  0x0000000007afb800 VMThread [stack: 0x00000000085a0000,0x00000000086a0000] [id=2116]
  0x0000000007b59000 WatcherThread [stack: 0x0000000008da0000,0x0000000008ea0000] [id=5568]

VM state:not at safepoint (normal execution)

VM Mutex/Monitor currently owned by a thread: None

Heap
 PSYoungGen      total 28672K, used 8629K [0x00000000eaa80000, 0x00000000eca00000, 0x0000000100000000)
  eden space 25088K, 21% used [0x00000000eaa80000,0x00000000eafb5a10,0x00000000ec300000)
  from space 3584K, 91% used [0x00000000ec300000,0x00000000ec637a58,0x00000000ec680000)
  to   space 3584K, 0% used [0x00000000ec680000,0x00000000ec680000,0x00000000eca00000)
 ParOldGen       total 64512K, used 0K [0x00000000c0000000, 0x00000000c3f00000, 0x00000000eaa80000)
  object space 64512K, 0% used [0x00000000c0000000,0x00000000c0000000,0x00000000c3f00000)
 PSPermGen       total 21504K, used 5596K [0x00000000bae00000, 0x00000000bc300000, 0x00000000c0000000)
  object space 21504K, 26% used [0x00000000bae00000,0x00000000bb377048,0x00000000bc300000)

Card table byte_map: [0x0000000004f90000,0x00000000051c0000] byte_map_base: 0x00000000049b9000

Polling page: 0x0000000000440000

Code Cache  [0x0000000001f90000, 0x0000000002200000, 0x0000000004f90000)
 total_blobs=351 nmethods=115 adapters=189 free_code_cache=48572Kb largest_free_block=49707712

Compilation events (10 events):
Event: 1.731 Thread 0x0000000007b4b800 nmethod 110 0x000000000201f690 code [0x000000000201f7e0, 0x000000000201f888]
Event: 1.731 Thread 0x0000000007b46800  111             java.util.ArrayList::remove (69 bytes)
Event: 1.732 Thread 0x0000000007b4b800  112             com.android.dx.rop.code.RegisterSpec::getCategory (13 bytes)
Event: 1.732 Thread 0x0000000007b4b800 nmethod 112 0x000000000201f350 code [0x000000000201f4a0, 0x000000000201f558]
Event: 1.733 Thread 0x0000000007b4b800  113   !         com.android.dx.util.FixedSizeList::<init> (36 bytes)
Event: 1.733 Thread 0x0000000007b46800 nmethod 111 0x000000000201cb90 code [0x000000000201cce0, 0x000000000201ce78]
Event: 1.733 Thread 0x0000000007b4b800 nmethod 113 0x000000000201c850 code [0x000000000201c9a0, 0x000000000201cad8]
Event: 1.735 Thread 0x0000000007b46800  114             com.android.dx.ssa.SsaMethod::forEachInsn (36 bytes)
Event: 1.737 Thread 0x0000000007b46800 nmethod 114 0x000000000201c1d0 code [0x000000000201c320, 0x000000000201c528]
Event: 1.738 Thread 0x0000000007b4b800  115             com.android.dx.ssa.SsaBasicBlock::forEachInsn (37 bytes)

GC Heap History (2 events):
Event: 0.912 GC heap before
{Heap before GC invocations=1 (full 0):
 PSYoungGen      total 28672K, used 25088K [0x00000000eaa80000, 0x00000000eca00000, 0x0000000100000000)
  eden space 25088K, 100% used [0x00000000eaa80000,0x00000000ec300000,0x00000000ec300000)
  from space 3584K, 0% used [0x00000000ec680000,0x00000000ec680000,0x00000000eca00000)
  to   space 3584K, 0% used [0x00000000ec300000,0x00000000ec300000,0x00000000ec680000)
 ParOldGen       total 64512K, used 0K [0x00000000c0000000, 0x00000000c3f00000, 0x00000000eaa80000)
  object space 64512K, 0% used [0x00000000c0000000,0x00000000c0000000,0x00000000c3f00000)
 PSPermGen       total 21504K, used 5511K [0x00000000bae00000, 0x00000000bc300000, 0x00000000c0000000)
  object space 21504K, 25% used [0x00000000bae00000,0x00000000bb361e38,0x00000000bc300000)
Event: 1.318 GC heap after
Heap after GC invocations=1 (full 0):
 PSYoungGen      total 28672K, used 3294K [0x00000000eaa80000, 0x00000000eca00000, 0x0000000100000000)
  eden space 25088K, 0% used [0x00000000eaa80000,0x00000000eaa80000,0x00000000ec300000)
  from space 3584K, 91% used [0x00000000ec300000,0x00000000ec637a58,0x00000000ec680000)
  to   space 3584K, 0% used [0x00000000ec680000,0x00000000ec680000,0x00000000eca00000)
 ParOldGen       total 64512K, used 0K [0x00000000c0000000, 0x00000000c3f00000, 0x00000000eaa80000)
  object space 64512K, 0% used [0x00000000c0000000,0x00000000c0000000,0x00000000c3f00000)
 PSPermGen       total 21504K, used 5511K [0x00000000bae00000, 0x00000000bc300000, 0x00000000c0000000)
  object space 21504K, 25% used [0x00000000bae00000,0x00000000bb361e38,0x00000000bc300000)
}

Deoptimization events (3 events):
Event: 1.724 Thread 0x0000000009026800 Uncommon trap: reason=null_check action=make_not_entrant pc=0x0000000002013114 method=com.android.dx.rop.code.LocalItem.equals(Ljava/lang/Object;)Z @ 1
Event: 1.730 Thread 0x0000000009026800 Uncommon trap: reason=class_check action=maybe_recompile pc=0x00000000020161c0 method=com.android.dx.ssa.NormalSsaInsn.accept(Lcom/android/dx/ssa/SsaInsn$Visitor;)V @ 9
Event: 1.737 Thread 0x0000000009026800 Uncommon trap: reason=null_check action=make_not_entrant pc=0x000000000201630c method=com.android.dx.rop.code.LocalItem.equals(Ljava/lang/Object;)Z @ 1

Internal exceptions (10 events):
Event: 0.502 Thread 0x0000000008ff8000 Threw 0x00000000ec0f07a8 at C:\re\jdk7u60\1081\hotspot\src\share\vm\prims\jvm.cpp:1244
Event: 0.502 Thread 0x0000000008ff8000 Threw 0x00000000ec0f5990 at C:\re\jdk7u60\1081\hotspot\src\share\vm\prims\jvm.cpp:1244
Event: 0.503 Thread 0x0000000008ff8000 Threw 0x00000000ec0f8530 at C:\re\jdk7u60\1081\hotspot\src\share\vm\prims\jvm.cpp:1244
Event: 0.543 Thread 0x0000000009026800 Threw 0x00000000ec133f78 at C:\re\jdk7u60\1081\hotspot\src\share\vm\prims\jvm.cpp:1244
Event: 0.568 Thread 0x0000000009026800 Threw 0x00000000ec199980 at C:\re\jdk7u60\1081\hotspot\src\share\vm\prims\jvm.cpp:1244
Event: 1.326 Thread 0x0000000009026800 Threw 0x00000000eab916d0 at C:\re\jdk7u60\1081\hotspot\src\share\vm\prims\jvm.cpp:1244
Event: 1.336 Thread 0x0000000008ff8000 Threw 0x00000000eaad4218 at C:\re\jdk7u60\1081\hotspot\src\share\vm\prims\jvm.cpp:1244
Event: 1.346 Thread 0x0000000008ff8000 Threw 0x00000000eab00a80 at C:\re\jdk7u60\1081\hotspot\src\share\vm\prims\jvm.cpp:1244
Event: 1.724 Thread 0x0000000009026800 Implicit null exception at 0x0000000002012dc2 to 0x00000000020130fd
Event: 1.737 Thread 0x0000000009026800 Implicit null exception at 0x0000000002015cc9 to 0x00000000020162f5

Events (10 events):
Event: 1.425 loading class 0x0000000001f00ab0 done
Event: 1.724 Thread 0x0000000009026800 Uncommon trap: trap_request=0xfffffff4 fr.pc=0x0000000002013114
Event: 1.724 Thread 0x0000000009026800 DEOPT PACKING pc=0x0000000002013114 sp=0x000000000959e660
Event: 1.724 Thread 0x0000000009026800 DEOPT UNPACKING pc=0x0000000001fc9064 sp=0x000000000959e5b0 mode 2
Event: 1.730 Thread 0x0000000009026800 Uncommon trap: trap_request=0xffffffde fr.pc=0x00000000020161c0
Event: 1.730 Thread 0x0000000009026800 DEOPT PACKING pc=0x00000000020161c0 sp=0x000000000959e730
Event: 1.730 Thread 0x0000000009026800 DEOPT UNPACKING pc=0x0000000001fc9064 sp=0x000000000959e6a0 mode 2
Event: 1.737 Thread 0x0000000009026800 Uncommon trap: trap_request=0xfffffff4 fr.pc=0x000000000201630c
Event: 1.737 Thread 0x0000000009026800 DEOPT PACKING pc=0x000000000201630c sp=0x000000000959e7c0
Event: 1.737 Thread 0x0000000009026800 DEOPT UNPACKING pc=0x0000000001fc9064 sp=0x000000000959e550 mode 2


Dynamic libraries:
0x00007ff7aa420000 - 0x00007ff7aa453000 	C:\Program Files\Java\jdk1.7.0_60\bin\java.exe
0x00007ff8c38a0000 - 0x00007ff8c3a4d000 	C:\Windows\SYSTEM32\ntdll.dll
0x00007ff8c1820000 - 0x00007ff8c195e000 	C:\Windows\system32\KERNEL32.DLL
0x00007ff8c0b00000 - 0x00007ff8c0c15000 	C:\Windows\system32\KERNELBASE.dll
0x00007ff8bf5a0000 - 0x00007ff8bf62e000 	C:\Windows\system32\apphelp.dll
0x00007ff8b71a0000 - 0x00007ff8b71f3000 	C:\Windows\AppPatch\AppPatch64\AcGenral.DLL
0x00007ff8c1290000 - 0x00007ff8c133a000 	C:\Windows\system32\msvcrt.dll
0x00007ff8c0f00000 - 0x00007ff8c0f2e000 	C:\Windows\system32\SspiCli.dll
0x00007ff8c3320000 - 0x00007ff8c3374000 	C:\Windows\system32\SHLWAPI.dll
0x00007ff8c3190000 - 0x00007ff8c3307000 	C:\Windows\system32\USER32.dll
0x00007ff8c1020000 - 0x00007ff8c11b4000 	C:\Windows\system32\ole32.dll
0x00007ff8c1ab0000 - 0x00007ff8c2fda000 	C:\Windows\system32\SHELL32.dll
0x00007ff8bffa0000 - 0x00007ff8bffc1000 	C:\Windows\SYSTEM32\USERENV.dll
0x00007ff8c0f30000 - 0x00007ff8c0fda000 	C:\Windows\system32\ADVAPI32.dll
0x00007ff8bb180000 - 0x00007ff8bb19e000 	C:\Windows\SYSTEM32\MPR.dll
0x00007ff8c3760000 - 0x00007ff8c38a0000 	C:\Windows\system32\RPCRT4.dll
0x00007ff8c11c0000 - 0x00007ff8c1219000 	C:\Windows\SYSTEM32\sechost.dll
0x00007ff8c3540000 - 0x00007ff8c3751000 	C:\Windows\SYSTEM32\combase.dll
0x00007ff8c1960000 - 0x00007ff8c1aaf000 	C:\Windows\system32\GDI32.dll
0x00007ff8c09d0000 - 0x00007ff8c09e5000 	C:\Windows\SYSTEM32\profapi.dll
0x00007ff8bc9b0000 - 0x00007ff8bca62000 	C:\Windows\SYSTEM32\SHCORE.dll
0x00007ff8c0fe0000 - 0x00007ff8c1016000 	C:\Windows\system32\IMM32.DLL
0x00007ff8c16c0000 - 0x00007ff8c1812000 	C:\Windows\system32\MSCTF.dll
0x00007ff8bbf20000 - 0x00007ff8bc19b000 	C:\Windows\WinSxS\amd64_microsoft.windows.common-controls_6595b64144ccf1df_6.0.9600.18006_none_623f33d3ecbe86e8\COMCTL32.dll
0x000000005e080000 - 0x000000005e152000 	C:\Program Files\Java\jdk1.7.0_60\jre\bin\msvcr100.dll
0x000000005e5f0000 - 0x000000005edc2000 	C:\Program Files\Java\jdk1.7.0_60\jre\bin\server\jvm.dll
0x00007ff8bedd0000 - 0x00007ff8bedd9000 	C:\Windows\SYSTEM32\WSOCK32.dll
0x00007ff8bd4e0000 - 0x00007ff8bd502000 	C:\Windows\SYSTEM32\WINMM.dll
0x00007ff8c3530000 - 0x00007ff8c3537000 	C:\Windows\system32\PSAPI.DLL
0x00007ff8c13c0000 - 0x00007ff8c141a000 	C:\Windows\system32\WS2_32.dll
0x00007ff8bd430000 - 0x00007ff8bd45a000 	C:\Windows\SYSTEM32\WINMMBASE.dll
0x00007ff8c1280000 - 0x00007ff8c1289000 	C:\Windows\system32\NSI.dll
0x00007ff8c0e00000 - 0x00007ff8c0e4f000 	C:\Windows\SYSTEM32\cfgmgr32.dll
0x00007ff8bf7f0000 - 0x00007ff8bf818000 	C:\Windows\SYSTEM32\DEVOBJ.dll
0x000000005e500000 - 0x000000005e50f000 	C:\Program Files\Java\jdk1.7.0_60\jre\bin\verify.dll
0x000000005e4d0000 - 0x000000005e4f8000 	C:\Program Files\Java\jdk1.7.0_60\jre\bin\java.dll
0x000000005e4b0000 - 0x000000005e4c5000 	C:\Program Files\Java\jdk1.7.0_60\jre\bin\zip.dll
0x000000005e490000 - 0x000000005e4a9000 	C:\Program Files\Java\jdk1.7.0_60\jre\bin\net.dll
0x00007ff8c0210000 - 0x00007ff8c0269000 	C:\Windows\system32\mswsock.dll
0x000000005e470000 - 0x000000005e481000 	C:\Program Files\Java\jdk1.7.0_60\jre\bin\nio.dll

VM Arguments:
jvm_args: -Djava.awt.headless=true -Xmx1024M -Dfile.encoding=windows-1252 -Duser.country=IN -Duser.language=en -Duser.variant 
java_command: com.android.dx.command.Main --dex --force-jumbo --num-threads=4 --multi-dex --output D:\AUTOSPEC\AutoSpec\app\build\intermediates\transforms\dex\debug\folders\1000\10\com.google.android.gms-play-services-basement-8.1.0_eadffdbaccfacff9513fe39ec3b8272fee7fa49d D:\AUTOSPEC\AutoSpec\app\build\intermediates\exploded-aar\com.google.android.gms\play-services-basement\8.1.0\jars\classes.jar
Launcher Type: SUN_STANDARD

Environment Variables:
PATH="C:\Program Files\Java\jdk1.7.0_60\bin";"C:\Program Files\Java\jdk1.7.0_60\bin"
USERNAME=Admin
OS=Windows_NT
PROCESSOR_IDENTIFIER=Intel64 Family 6 Model 58 Stepping 9, GenuineIntel



---------------  S Y S T E M  ---------------

OS: Windows 8.1 , 64 bit Build 9600 

CPU:total 2 (2 cores per cpu, 1 threads per core) family 6 model 58 stepping 9, cmov, cx8, fxsr, mmx, sse, sse2, sse3, ssse3, sse4.1, sse4.2, popcnt, erms, tsc, tscinvbit, tscinv

Memory: 4k page, physical 6185000k(858504k free), swap 9330728k(5248k free)

vm_info: Java HotSpot(TM) 64-Bit Server VM (24.60-b09) for windows-amd64 JRE (1.7.0_60-b19), built on May  7 2014 12:55:18 by "java_re" with unknown MS VC++:1600

time: Mon Jun 20 18:36:04 2016
elapsed time: 1 seconds

