#
# There is insufficient memory for the Java Runtime Environment to continue.
# Native memory allocation (malloc) failed to allocate 487456 bytes for Chunk::new
# Possible reasons:
#   The system is out of physical RAM or swap space
#   In 32 bit mode, the process size limit was hit
# Possible solutions:
#   Reduce memory load on the system
#   Increase physical memory or swap space
#   Check if swap backing store is full
#   Use 64 bit Java on a 64 bit OS
#   Decrease Java heap size (-Xmx/-Xms)
#   Decrease number of Java threads
#   Decrease Java thread stack sizes (-Xss)
#   Set larger code cache with -XX:ReservedCodeCacheSize=
# This output file may be truncated or incomplete.
#
#  Out of Memory Error (allocation.cpp:323), pid=2400, tid=5396
#
# JRE version: Java(TM) SE Runtime Environment (7.0_60-b19) (build 1.7.0_60-b19)
# Java VM: Java HotSpot(TM) 64-Bit Server VM (24.60-b09 mixed mode windows-amd64 compressed oops)
# Failed to write core dump. Minidumps are not enabled by default on client versions of Windows
#

---------------  T H R E A D  ---------------

Current thread (0x00000000085fe800):  JavaThread "C2 CompilerThread0" daemon [_thread_in_native, id=5396, stack(0x0000000009560000,0x0000000009660000)]

Stack: [0x0000000009560000,0x0000000009660000]

Current CompileTask:
C2:   1854  151             com.android.dx.ssa.SsaConverter::placePhiFunctions (394 bytes)


---------------  P R O C E S S  ---------------

Java Threads: ( => current thread )
  0x0000000009aee000 JavaThread "pool-2-thread-4" [_thread_blocked, id=5488, stack(0x000000000a160000,0x000000000a260000)]
  0x0000000009aed800 JavaThread "pool-2-thread-3" [_thread_blocked, id=5288, stack(0x000000000a060000,0x000000000a160000)]
  0x0000000009aea800 JavaThread "pool-2-thread-2" [_thread_in_Java, id=5796, stack(0x0000000009f60000,0x000000000a060000)]
  0x00000000099af000 JavaThread "pool-3-thread-1" [_thread_blocked, id=5948, stack(0x0000000009e60000,0x0000000009f60000)]
  0x00000000099ac000 JavaThread "pool-2-thread-1" [_thread_blocked, id=5368, stack(0x0000000009d60000,0x0000000009e60000)]
  0x0000000008610000 JavaThread "Service Thread" daemon [_thread_blocked, id=5960, stack(0x0000000009760000,0x0000000009860000)]
  0x000000000860c000 JavaThread "C2 CompilerThread1" daemon [_thread_blocked, id=5908, stack(0x0000000009660000,0x0000000009760000)]
=>0x00000000085fe800 JavaThread "C2 CompilerThread0" daemon [_thread_in_native, id=5396, stack(0x0000000009560000,0x0000000009660000)]
  0x00000000085fd000 JavaThread "Attach Listener" daemon [_thread_blocked, id=5496, stack(0x0000000009460000,0x0000000009560000)]
  0x00000000085f9800 JavaThread "Signal Dispatcher" daemon [_thread_blocked, id=5196, stack(0x0000000009360000,0x0000000009460000)]
  0x00000000085c9800 JavaThread "Finalizer" daemon [_thread_blocked, id=4964, stack(0x0000000009260000,0x0000000009360000)]
  0x00000000085c1000 JavaThread "Reference Handler" daemon [_thread_blocked, id=5424, stack(0x0000000009160000,0x0000000009260000)]
  0x00000000028b0800 JavaThread "main" [_thread_blocked, id=5620, stack(0x00000000027b0000,0x00000000028b0000)]

Other Threads:
  0x00000000085bb800 VMThread [stack: 0x0000000009060000,0x0000000009160000] [id=5980]
  0x0000000008619800 WatcherThread [stack: 0x0000000009860000,0x0000000009960000] [id=3780]

VM state:not at safepoint (normal execution)

VM Mutex/Monitor currently owned by a thread: None

Heap
 PSYoungGen      total 28672K, used 5581K [0x00000000eaa80000, 0x00000000eca00000, 0x0000000100000000)
  eden space 25088K, 7% used [0x00000000eaa80000,0x00000000eac74970,0x00000000ec300000)
  from space 3584K, 99% used [0x00000000ec300000,0x00000000ec67eab8,0x00000000ec680000)
  to   space 3584K, 0% used [0x00000000ec680000,0x00000000ec680000,0x00000000eca00000)
 ParOldGen       total 64512K, used 1074K [0x00000000c0000000, 0x00000000c3f00000, 0x00000000eaa80000)
  object space 64512K, 1% used [0x00000000c0000000,0x00000000c010cb38,0x00000000c3f00000)
 PSPermGen       total 21504K, used 5662K [0x00000000bae00000, 0x00000000bc300000, 0x00000000c0000000)
  object space 21504K, 26% used [0x00000000bae00000,0x00000000bb3878c8,0x00000000bc300000)

Card table byte_map: [0x0000000005a70000,0x0000000005ca0000] byte_map_base: 0x0000000005499000

Polling page: 0x0000000000fc0000

Code Cache  [0x00000000029b0000, 0x0000000002c20000, 0x00000000059b0000)
 total_blobs=389 nmethods=153 adapters=189 free_code_cache=48534Kb largest_free_block=49683840

Compilation events (10 events):
Event: 1.302 Thread 0x00000000085fe800 nmethod 149 0x0000000002a4b950 code [0x0000000002a4baa0, 0x0000000002a4bd98]
Event: 1.305 Thread 0x000000000860c000  150             com.android.dx.rop.code.RegisterSpecSet::size (49 bytes)
Event: 1.305 Thread 0x00000000085fe800  151             com.android.dx.ssa.SsaConverter::placePhiFunctions (394 bytes)
Event: 1.307 Thread 0x000000000860c000 nmethod 150 0x0000000002a4b610 code [0x0000000002a4b740, 0x0000000002a4b898]
Event: 1.310 Thread 0x000000000860c000  152             java.util.Arrays::copyOf (47 bytes)
Event: 1.311 Thread 0x000000000860c000 nmethod 152 0x0000000002a4b210 code [0x0000000002a4b360, 0x0000000002a4b4d8]
Event: 1.311 Thread 0x000000000860c000  153             java.util.Arrays::copyOf (13 bytes)
Event: 1.313 Thread 0x000000000860c000 nmethod 153 0x0000000002a4ae10 code [0x0000000002a4af40, 0x0000000002a4b0d8]
Event: 1.315 Thread 0x000000000860c000  154             com.android.dx.rop.code.BasicBlock::getSuccessors (5 bytes)
Event: 1.315 Thread 0x000000000860c000 nmethod 154 0x0000000002a4c950 code [0x0000000002a4ca80, 0x0000000002a4cad8]

GC Heap History (2 events):
Event: 1.383 GC heap before
{Heap before GC invocations=1 (full 0):
 PSYoungGen      total 28672K, used 25088K [0x00000000eaa80000, 0x00000000eca00000, 0x0000000100000000)
  eden space 25088K, 100% used [0x00000000eaa80000,0x00000000ec300000,0x00000000ec300000)
  from space 3584K, 0% used [0x00000000ec680000,0x00000000ec680000,0x00000000eca00000)
  to   space 3584K, 0% used [0x00000000ec300000,0x00000000ec300000,0x00000000ec680000)
 ParOldGen       total 64512K, used 0K [0x00000000c0000000, 0x00000000c3f00000, 0x00000000eaa80000)
  object space 64512K, 0% used [0x00000000c0000000,0x00000000c0000000,0x00000000c3f00000)
 PSPermGen       total 21504K, used 5661K [0x00000000bae00000, 0x00000000bc300000, 0x00000000c0000000)
  object space 21504K, 26% used [0x00000000bae00000,0x00000000bb387438,0x00000000bc300000)
Event: 1.390 GC heap after
Heap after GC invocations=1 (full 0):
 PSYoungGen      total 28672K, used 3578K [0x00000000eaa80000, 0x00000000eca00000, 0x0000000100000000)
  eden space 25088K, 0% used [0x00000000eaa80000,0x00000000eaa80000,0x00000000ec300000)
  from space 3584K, 99% used [0x00000000ec300000,0x00000000ec67eab8,0x00000000ec680000)
  to   space 3584K, 0% used [0x00000000ec680000,0x00000000ec680000,0x00000000eca00000)
 ParOldGen       total 64512K, used 1074K [0x00000000c0000000, 0x00000000c3f00000, 0x00000000eaa80000)
  object space 64512K, 1% used [0x00000000c0000000,0x00000000c010cb38,0x00000000c3f00000)
 PSPermGen       total 21504K, used 5661K [0x00000000bae00000, 0x00000000bc300000, 0x00000000c0000000)
  object space 21504K, 26% used [0x00000000bae00000,0x00000000bb387438,0x00000000bc300000)
}

Deoptimization events (6 events):
Event: 0.657 Thread 0x00000000028b0800 Uncommon trap: reason=class_check action=maybe_recompile pc=0x0000000002a2c1d8 method=com.android.dx.ssa.NormalSsaInsn.accept(Lcom/android/dx/ssa/SsaInsn$Visitor;)V @ 9
Event: 0.691 Thread 0x00000000099ac000 Uncommon trap: reason=class_check action=maybe_recompile pc=0x0000000002a2c1d8 method=com.android.dx.ssa.NormalSsaInsn.accept(Lcom/android/dx/ssa/SsaInsn$Visitor;)V @ 9
Event: 0.691 Thread 0x00000000099ac000 Uncommon trap: reason=class_check action=maybe_recompile pc=0x0000000002a2c1d8 method=com.android.dx.ssa.NormalSsaInsn.accept(Lcom/android/dx/ssa/SsaInsn$Visitor;)V @ 9
Event: 0.691 Thread 0x00000000099ac000 Uncommon trap: reason=class_check action=maybe_recompile pc=0x0000000002a2c1d8 method=com.android.dx.ssa.NormalSsaInsn.accept(Lcom/android/dx/ssa/SsaInsn$Visitor;)V @ 9
Event: 0.737 Thread 0x00000000099ac000 Uncommon trap: reason=null_check action=make_not_entrant pc=0x0000000002a35a80 method=com.android.dx.rop.code.LocalItem.equals(Ljava/lang/Object;)Z @ 1
Event: 0.975 Thread 0x00000000099ac000 Uncommon trap: reason=unreached action=reinterpret pc=0x0000000002a38084 method=com.android.dx.rop.cst.Constant.compareTo(Lcom/android/dx/rop/cst/Constant;)I @ 12

Internal exceptions (10 events):
Event: 0.464 Thread 0x0000000009aee000 Threw 0x00000000eb900cf8 at C:\re\jdk7u60\1081\hotspot\src\share\vm\prims\jvm.cpp:1244
Event: 0.464 Thread 0x0000000009aee000 Threw 0x00000000eb906ae8 at C:\re\jdk7u60\1081\hotspot\src\share\vm\prims\jvm.cpp:1244
Event: 0.465 Thread 0x0000000009aee000 Threw 0x00000000eb90ad80 at C:\re\jdk7u60\1081\hotspot\src\share\vm\prims\jvm.cpp:1244
Event: 0.468 Thread 0x0000000009aee000 Threw 0x00000000eb91a398 at C:\re\jdk7u60\1081\hotspot\src\share\vm\prims\jvm.cpp:1244
Event: 0.471 Thread 0x0000000009aee000 Threw 0x00000000eb921ec0 at C:\re\jdk7u60\1081\hotspot\src\share\vm\prims\jvm.cpp:1244
Event: 0.477 Thread 0x00000000028b0800 Threw 0x00000000eb4f0298 at C:\re\jdk7u60\1081\hotspot\src\share\vm\prims\jvm.cpp:1244
Event: 0.482 Thread 0x0000000009aed800 Threw 0x00000000eb8184a0 at C:\re\jdk7u60\1081\hotspot\src\share\vm\prims\jvm.cpp:1244
Event: 0.704 Thread 0x00000000099ac000 Threw 0x00000000ebb507b0 at C:\re\jdk7u60\1081\hotspot\src\share\vm\prims\jvm.cpp:1244
Event: 0.705 Thread 0x00000000028b0800 Threw 0x00000000eb9e9618 at C:\re\jdk7u60\1081\hotspot\src\share\vm\prims\jvm.cpp:1244
Event: 0.737 Thread 0x00000000099ac000 Implicit null exception at 0x0000000002a35713 to 0x0000000002a35a6d

Events (10 events):
Event: 0.962 loading class 0x0000000002924df0 done
Event: 0.975 Thread 0x00000000099ac000 Uncommon trap: trap_request=0xffffffad fr.pc=0x0000000002a38084
Event: 0.975 Thread 0x00000000099ac000 DEOPT PACKING pc=0x0000000002a38084 sp=0x0000000009e5e5d0
Event: 0.975 Thread 0x00000000099ac000 DEOPT UNPACKING pc=0x00000000029e9064 sp=0x0000000009e5e570 mode 2
Event: 1.249 loading class 0x0000000008651450
Event: 1.249 loading class 0x0000000008651450 done
Event: 1.249 loading class 0x0000000008651420
Event: 1.249 loading class 0x0000000008651420 done
Event: 1.318 Executing VM operation: ParallelGCFailedAllocation
Event: 1.390 Executing VM operation: ParallelGCFailedAllocation done


Dynamic libraries:
0x00007ff7aa420000 - 0x00007ff7aa453000 	C:\Program Files\Java\jdk1.7.0_60\bin\java.exe
0x00007ff8c38a0000 - 0x00007ff8c3a4d000 	C:\Windows\SYSTEM32\ntdll.dll
0x00007ff8c1820000 - 0x00007ff8c195e000 	C:\Windows\system32\KERNEL32.DLL
0x00007ff8c0b00000 - 0x00007ff8c0c15000 	C:\Windows\system32\KERNELBASE.dll
0x00007ff8bf5a0000 - 0x00007ff8bf62e000 	C:\Windows\system32\apphelp.dll
0x00007ff8b71a0000 - 0x00007ff8b71f3000 	C:\Windows\AppPatch\AppPatch64\AcGenral.DLL
0x00007ff8c1290000 - 0x00007ff8c133a000 	C:\Windows\system32\msvcrt.dll
0x00007ff8c0f00000 - 0x00007ff8c0f2e000 	C:\Windows\system32\SspiCli.dll
0x00007ff8c3320000 - 0x00007ff8c3374000 	C:\Windows\system32\SHLWAPI.dll
0x00007ff8c3190000 - 0x00007ff8c3307000 	C:\Windows\system32\USER32.dll
0x00007ff8c1020000 - 0x00007ff8c11b4000 	C:\Windows\system32\ole32.dll
0x00007ff8c1ab0000 - 0x00007ff8c2fda000 	C:\Windows\system32\SHELL32.dll
0x00007ff8bffa0000 - 0x00007ff8bffc1000 	C:\Windows\SYSTEM32\USERENV.dll
0x00007ff8c0f30000 - 0x00007ff8c0fda000 	C:\Windows\system32\ADVAPI32.dll
0x00007ff8bb180000 - 0x00007ff8bb19e000 	C:\Windows\SYSTEM32\MPR.dll
0x00007ff8c3760000 - 0x00007ff8c38a0000 	C:\Windows\system32\RPCRT4.dll
0x00007ff8c11c0000 - 0x00007ff8c1219000 	C:\Windows\SYSTEM32\sechost.dll
0x00007ff8c3540000 - 0x00007ff8c3751000 	C:\Windows\SYSTEM32\combase.dll
0x00007ff8c1960000 - 0x00007ff8c1aaf000 	C:\Windows\system32\GDI32.dll
0x00007ff8c09d0000 - 0x00007ff8c09e5000 	C:\Windows\SYSTEM32\profapi.dll
0x00007ff8bc9b0000 - 0x00007ff8bca62000 	C:\Windows\SYSTEM32\SHCORE.dll
0x00007ff8c0fe0000 - 0x00007ff8c1016000 	C:\Windows\system32\IMM32.DLL
0x00007ff8c16c0000 - 0x00007ff8c1812000 	C:\Windows\system32\MSCTF.dll
0x00007ff8bbf20000 - 0x00007ff8bc19b000 	C:\Windows\WinSxS\amd64_microsoft.windows.common-controls_6595b64144ccf1df_6.0.9600.18006_none_623f33d3ecbe86e8\COMCTL32.dll
0x000000005e080000 - 0x000000005e152000 	C:\Program Files\Java\jdk1.7.0_60\jre\bin\msvcr100.dll
0x000000005e5f0000 - 0x000000005edc2000 	C:\Program Files\Java\jdk1.7.0_60\jre\bin\server\jvm.dll
0x00007ff8bedd0000 - 0x00007ff8bedd9000 	C:\Windows\SYSTEM32\WSOCK32.dll
0x00007ff8bd4e0000 - 0x00007ff8bd502000 	C:\Windows\SYSTEM32\WINMM.dll
0x00007ff8c3530000 - 0x00007ff8c3537000 	C:\Windows\system32\PSAPI.DLL
0x00007ff8c13c0000 - 0x00007ff8c141a000 	C:\Windows\system32\WS2_32.dll
0x00007ff8bd430000 - 0x00007ff8bd45a000 	C:\Windows\SYSTEM32\WINMMBASE.dll
0x00007ff8c1280000 - 0x00007ff8c1289000 	C:\Windows\system32\NSI.dll
0x00007ff8c0e00000 - 0x00007ff8c0e4f000 	C:\Windows\SYSTEM32\cfgmgr32.dll
0x00007ff8bf7f0000 - 0x00007ff8bf818000 	C:\Windows\SYSTEM32\DEVOBJ.dll
0x000000005e500000 - 0x000000005e50f000 	C:\Program Files\Java\jdk1.7.0_60\jre\bin\verify.dll
0x000000005e4d0000 - 0x000000005e4f8000 	C:\Program Files\Java\jdk1.7.0_60\jre\bin\java.dll
0x000000005e4b0000 - 0x000000005e4c5000 	C:\Program Files\Java\jdk1.7.0_60\jre\bin\zip.dll
0x000000005e490000 - 0x000000005e4a9000 	C:\Program Files\Java\jdk1.7.0_60\jre\bin\net.dll
0x00007ff8c0210000 - 0x00007ff8c0269000 	C:\Windows\system32\mswsock.dll
0x000000005e470000 - 0x000000005e481000 	C:\Program Files\Java\jdk1.7.0_60\jre\bin\nio.dll

VM Arguments:
jvm_args: -Djava.awt.headless=true -Xmx1024M -Dfile.encoding=windows-1252 -Duser.country=IN -Duser.language=en -Duser.variant 
java_command: com.android.dx.command.Main --dex --force-jumbo --num-threads=4 --multi-dex --output D:\AUTOSPEC\AutoSpec\app\build\intermediates\transforms\dex\debug\folders\1000\10\internal_impl-23.2.0_12514abaec8f120fb5cccbd700d736c2ce1b10ad D:\AUTOSPEC\AutoSpec\app\build\intermediates\exploded-aar\com.android.support\support-v4\23.2.0\jars\libs\internal_impl-23.2.0.jar
Launcher Type: SUN_STANDARD

Environment Variables:
PATH="C:\Program Files\Java\jdk1.7.0_60\bin";"C:\Program Files\Java\jdk1.7.0_60\bin"
USERNAME=Admin
OS=Windows_NT
PROCESSOR_IDENTIFIER=Intel64 Family 6 Model 58 Stepping 9, GenuineIntel



---------------  S Y S T E M  ---------------

OS: Windows 8.1 , 64 bit Build 9600 

CPU:total 2 (2 cores per cpu, 1 threads per core) family 6 model 58 stepping 9, cmov, cx8, fxsr, mmx, sse, sse2, sse3, ssse3, sse4.1, sse4.2, popcnt, erms, tsc, tscinvbit, tscinv

Memory: 4k page, physical 6185000k(857232k free), swap 9330728k(5124k free)

vm_info: Java HotSpot(TM) 64-Bit Server VM (24.60-b09) for windows-amd64 JRE (1.7.0_60-b19), built on May  7 2014 12:55:18 by "java_re" with unknown MS VC++:1600

time: Mon Jun 20 18:35:40 2016
elapsed time: 1 seconds

