#
# There is insufficient memory for the Java Runtime Environment to continue.
# Native memory allocation (malloc) failed to allocate 900096 bytes for Chunk::new
# Possible reasons:
#   The system is out of physical RAM or swap space
#   In 32 bit mode, the process size limit was hit
# Possible solutions:
#   Reduce memory load on the system
#   Increase physical memory or swap space
#   Check if swap backing store is full
#   Use 64 bit Java on a 64 bit OS
#   Decrease Java heap size (-Xmx/-Xms)
#   Decrease number of Java threads
#   Decrease Java thread stack sizes (-Xss)
#   Set larger code cache with -XX:ReservedCodeCacheSize=
# This output file may be truncated or incomplete.
#
#  Out of Memory Error (allocation.cpp:323), pid=1940, tid=6040
#
# JRE version: Java(TM) SE Runtime Environment (7.0_60-b19) (build 1.7.0_60-b19)
# Java VM: Java HotSpot(TM) 64-Bit Server VM (24.60-b09 mixed mode windows-amd64 compressed oops)
# Failed to write core dump. Minidumps are not enabled by default on client versions of Windows
#

---------------  T H R E A D  ---------------

Current thread (0x0000000008a63800):  JavaThread "C2 CompilerThread1" daemon [_thread_in_native, id=6040, stack(0x0000000009ab0000,0x0000000009bb0000)]

Stack: [0x0000000009ab0000,0x0000000009bb0000]

Current CompileTask:
C2:   4285  329             com.android.dx.ssa.DeadCodeRemover::run (194 bytes)


---------------  P R O C E S S  ---------------

Java Threads: ( => current thread )
  0x0000000009ee1800 JavaThread "pool-2-thread-4" [_thread_in_Java, id=4716, stack(0x000000000a5b0000,0x000000000a6b0000)]
  0x0000000009ed3000 JavaThread "pool-2-thread-3" [_thread_in_vm_trans, id=5372, stack(0x000000000a4b0000,0x000000000a5b0000)]
  0x0000000009ed2800 JavaThread "pool-2-thread-2" [_thread_in_Java, id=4712, stack(0x000000000a3b0000,0x000000000a4b0000)]
  0x0000000009ea6800 JavaThread "pool-3-thread-1" [_thread_blocked, id=5964, stack(0x000000000a2b0000,0x000000000a3b0000)]
  0x0000000009ea6000 JavaThread "pool-2-thread-1" [_thread_in_Java, id=5604, stack(0x000000000a1b0000,0x000000000a2b0000)]
  0x0000000008a70000 JavaThread "Service Thread" daemon [_thread_blocked, id=3428, stack(0x0000000009bb0000,0x0000000009cb0000)]
=>0x0000000008a63800 JavaThread "C2 CompilerThread1" daemon [_thread_in_native, id=6040, stack(0x0000000009ab0000,0x0000000009bb0000)]
  0x0000000008a5e800 JavaThread "C2 CompilerThread0" daemon [_thread_in_native, id=3888, stack(0x00000000099b0000,0x0000000009ab0000)]
  0x0000000008a5d000 JavaThread "Attach Listener" daemon [_thread_blocked, id=5920, stack(0x00000000098b0000,0x00000000099b0000)]
  0x0000000008a59800 JavaThread "Signal Dispatcher" daemon [_thread_blocked, id=4820, stack(0x00000000097b0000,0x00000000098b0000)]
  0x0000000008a23800 JavaThread "Finalizer" daemon [_thread_blocked, id=5572, stack(0x00000000096b0000,0x00000000097b0000)]
  0x0000000008a21000 JavaThread "Reference Handler" daemon [_thread_blocked, id=2256, stack(0x00000000095b0000,0x00000000096b0000)]
  0x0000000002dd0800 JavaThread "main" [_thread_in_Java, id=4436, stack(0x0000000002cd0000,0x0000000002dd0000)]

Other Threads:
  0x0000000008a1b800 VMThread [stack: 0x00000000094b0000,0x00000000095b0000] [id=3100]
  0x0000000008a79800 WatcherThread [stack: 0x0000000009cb0000,0x0000000009db0000] [id=5456]

VM state:not at safepoint (normal execution)

VM Mutex/Monitor currently owned by a thread: None

Heap
 PSYoungGen      total 28672K, used 17060K [0x00000000eaa80000, 0x00000000eca00000, 0x0000000100000000)
  eden space 25088K, 53% used [0x00000000eaa80000,0x00000000eb7a98c0,0x00000000ec300000)
  from space 3584K, 99% used [0x00000000ec680000,0x00000000ec9ff850,0x00000000eca00000)
  to   space 3584K, 0% used [0x00000000ec300000,0x00000000ec300000,0x00000000ec680000)
 ParOldGen       total 64512K, used 5766K [0x00000000c0000000, 0x00000000c3f00000, 0x00000000eaa80000)
  object space 64512K, 8% used [0x00000000c0000000,0x00000000c05a1898,0x00000000c3f00000)
 PSPermGen       total 21504K, used 5880K [0x00000000bae00000, 0x00000000bc300000, 0x00000000c0000000)
  object space 21504K, 27% used [0x00000000bae00000,0x00000000bb3be270,0x00000000bc300000)

Card table byte_map: [0x0000000005ed0000,0x0000000006100000] byte_map_base: 0x00000000058f9000

Polling page: 0x0000000001360000

Code Cache  [0x0000000002ed0000, 0x0000000003140000, 0x0000000005ed0000)
 total_blobs=571 nmethods=335 adapters=189 free_code_cache=47814Kb largest_free_block=48932800

Compilation events (10 events):
Event: 4.171 Thread 0x0000000008a5e800 nmethod 332 0x000000000301ce10 code [0x000000000301cf80, 0x000000000301d198]
Event: 4.171 Thread 0x0000000008a5e800  333             com.android.dx.dex.code.RopTranslator$LocalVariableAwareTranslationVisitor::addIntroductionIfNecessary (30 bytes)
Event: 4.179 Thread 0x0000000008a5e800 nmethod 333 0x000000000301bd90 code [0x000000000301bf40, 0x000000000301c4d0]
Event: 4.179 Thread 0x0000000008a5e800  334             com.android.dx.cf.iface.StdMember::getAccessFlags (5 bytes)
Event: 4.179 Thread 0x0000000008a5e800 nmethod 334 0x000000000301bb90 code [0x000000000301bcc0, 0x000000000301bd18]
Event: 4.179 Thread 0x0000000008a5e800  335   !         com.android.dx.cf.code.Simulator::simulate (74 bytes)
Event: 4.182 Thread 0x0000000008a5e800 nmethod 335 0x0000000003025350 code [0x00000000030254c0, 0x0000000003025658]
Event: 4.182 Thread 0x0000000008a5e800  336             com.android.dx.cf.code.ByteBlock::getLabel (5 bytes)
Event: 4.182 Thread 0x0000000008a5e800 nmethod 336 0x00000000030003d0 code [0x0000000003000500, 0x0000000003000558]
Event: 4.183 Thread 0x0000000008a5e800  337   !         com.android.dx.cf.code.BytecodeArray::parseInstruction (2764 bytes)

GC Heap History (4 events):
Event: 2.930 GC heap before
{Heap before GC invocations=1 (full 0):
 PSYoungGen      total 28672K, used 25088K [0x00000000eaa80000, 0x00000000eca00000, 0x0000000100000000)
  eden space 25088K, 100% used [0x00000000eaa80000,0x00000000ec300000,0x00000000ec300000)
  from space 3584K, 0% used [0x00000000ec680000,0x00000000ec680000,0x00000000eca00000)
  to   space 3584K, 0% used [0x00000000ec300000,0x00000000ec300000,0x00000000ec680000)
 ParOldGen       total 64512K, used 0K [0x00000000c0000000, 0x00000000c3f00000, 0x00000000eaa80000)
  object space 64512K, 0% used [0x00000000c0000000,0x00000000c0000000,0x00000000c3f00000)
 PSPermGen       total 21504K, used 5730K [0x00000000bae00000, 0x00000000bc300000, 0x00000000c0000000)
  object space 21504K, 26% used [0x00000000bae00000,0x00000000bb398b80,0x00000000bc300000)
Event: 3.106 GC heap after
Heap after GC invocations=1 (full 0):
 PSYoungGen      total 28672K, used 3578K [0x00000000eaa80000, 0x00000000eca00000, 0x0000000100000000)
  eden space 25088K, 0% used [0x00000000eaa80000,0x00000000eaa80000,0x00000000ec300000)
  from space 3584K, 99% used [0x00000000ec300000,0x00000000ec67eab8,0x00000000ec680000)
  to   space 3584K, 0% used [0x00000000ec680000,0x00000000ec680000,0x00000000eca00000)
 ParOldGen       total 64512K, used 1818K [0x00000000c0000000, 0x00000000c3f00000, 0x00000000eaa80000)
  object space 64512K, 2% used [0x00000000c0000000,0x00000000c01c6858,0x00000000c3f00000)
 PSPermGen       total 21504K, used 5730K [0x00000000bae00000, 0x00000000bc300000, 0x00000000c0000000)
  object space 21504K, 26% used [0x00000000bae00000,0x00000000bb398b80,0x00000000bc300000)
}
Event: 4.052 GC heap before
{Heap before GC invocations=2 (full 0):
 PSYoungGen      total 28672K, used 28666K [0x00000000eaa80000, 0x00000000eca00000, 0x0000000100000000)
  eden space 25088K, 100% used [0x00000000eaa80000,0x00000000ec300000,0x00000000ec300000)
  from space 3584K, 99% used [0x00000000ec300000,0x00000000ec67eab8,0x00000000ec680000)
  to   space 3584K, 0% used [0x00000000ec680000,0x00000000ec680000,0x00000000eca00000)
 ParOldGen       total 64512K, used 1818K [0x00000000c0000000, 0x00000000c3f00000, 0x00000000eaa80000)
  object space 64512K, 2% used [0x00000000c0000000,0x00000000c01c6858,0x00000000c3f00000)
 PSPermGen       total 21504K, used 5856K [0x00000000bae00000, 0x00000000bc300000, 0x00000000c0000000)
  object space 21504K, 27% used [0x00000000bae00000,0x00000000bb3b8058,0x00000000bc300000)
Event: 4.120 GC heap after
Heap after GC invocations=2 (full 0):
 PSYoungGen      total 28672K, used 3582K [0x00000000eaa80000, 0x00000000eca00000, 0x0000000100000000)
  eden space 25088K, 0% used [0x00000000eaa80000,0x00000000eaa80000,0x00000000ec300000)
  from space 3584K, 99% used [0x00000000ec680000,0x00000000ec9ff850,0x00000000eca00000)
  to   space 3584K, 0% used [0x00000000ec300000,0x00000000ec300000,0x00000000ec680000)
 ParOldGen       total 64512K, used 5766K [0x00000000c0000000, 0x00000000c3f00000, 0x00000000eaa80000)
  object space 64512K, 8% used [0x00000000c0000000,0x00000000c05a1898,0x00000000c3f00000)
 PSPermGen       total 21504K, used 5856K [0x00000000bae00000, 0x00000000bc300000, 0x00000000c0000000)
  object space 21504K, 27% used [0x00000000bae00000,0x00000000bb3b8058,0x00000000bc300000)
}

Deoptimization events (10 events):
Event: 3.891 Thread 0x0000000009ea6000 Uncommon trap: reason=bimorphic action=maybe_recompile pc=0x0000000002fd957c method=com.android.dx.cf.code.BaseMachine.getLocalTarget(Z)Lcom/android/dx/rop/code/RegisterSpec; @ 70
Event: 4.204 Thread 0x0000000002dd0800 Uncommon trap: reason=bimorphic action=maybe_recompile pc=0x0000000002fd957c method=com.android.dx.cf.code.BaseMachine.getLocalTarget(Z)Lcom/android/dx/rop/code/RegisterSpec; @ 70
Event: 4.204 Thread 0x0000000002dd0800 Uncommon trap: reason=bimorphic action=maybe_recompile pc=0x0000000002fd957c method=com.android.dx.cf.code.BaseMachine.getLocalTarget(Z)Lcom/android/dx/rop/code/RegisterSpec; @ 70
Event: 4.205 Thread 0x0000000002dd0800 Uncommon trap: reason=bimorphic action=maybe_recompile pc=0x0000000003018868 method=com.android.dx.ssa.LiteralOpUpgrader.tryReplacingWithConstant(Lcom/android/dx/ssa/NormalSsaInsn;)Z @ 52
Event: 4.205 Thread 0x0000000002dd0800 Uncommon trap: reason=bimorphic action=maybe_recompile pc=0x0000000003018868 method=com.android.dx.ssa.LiteralOpUpgrader.tryReplacingWithConstant(Lcom/android/dx/ssa/NormalSsaInsn;)Z @ 52
Event: 4.208 Thread 0x0000000002dd0800 Uncommon trap: reason=bimorphic action=maybe_recompile pc=0x0000000003018868 method=com.android.dx.ssa.LiteralOpUpgrader.tryReplacingWithConstant(Lcom/android/dx/ssa/NormalSsaInsn;)Z @ 52
Event: 4.214 Thread 0x0000000002dd0800 Uncommon trap: reason=bimorphic action=maybe_recompile pc=0x0000000002f8db04 method=java.util.HashMap.put(Ljava/lang/Object;Ljava/lang/Object;)Ljava/lang/Object; @ 83
Event: 4.223 Thread 0x0000000009ee1800 Uncommon trap: reason=bimorphic action=maybe_recompile pc=0x0000000002f8db04 method=java.util.HashMap.put(Ljava/lang/Object;Ljava/lang/Object;)Ljava/lang/Object; @ 83
Event: 4.223 Thread 0x0000000009ee1800 Uncommon trap: reason=bimorphic action=maybe_recompile pc=0x0000000002f8db04 method=java.util.HashMap.put(Ljava/lang/Object;Ljava/lang/Object;)Ljava/lang/Object; @ 83
Event: 4.223 Thread 0x0000000009ee1800 Uncommon trap: reason=bimorphic action=maybe_recompile pc=0x0000000002f8db04 method=java.util.HashMap.put(Ljava/lang/Object;Ljava/lang/Object;)Ljava/lang/Object; @ 83

Internal exceptions (10 events):
Event: 1.504 Thread 0x0000000009ea6000 Threw 0x00000000ebad16c0 at C:\re\jdk7u60\1081\hotspot\src\share\vm\prims\jvm.cpp:1244
Event: 1.505 Thread 0x0000000009ea6000 Threw 0x00000000ebad6ce8 at C:\re\jdk7u60\1081\hotspot\src\share\vm\prims\jvm.cpp:1244
Event: 1.505 Thread 0x0000000009ea6000 Threw 0x00000000ebadc090 at C:\re\jdk7u60\1081\hotspot\src\share\vm\prims\jvm.cpp:1244
Event: 1.511 Thread 0x0000000009ee1800 Threw 0x00000000eba8bf38 at C:\re\jdk7u60\1081\hotspot\src\share\vm\prims\jvm.cpp:1244
Event: 2.067 Thread 0x0000000009ee1800 Threw 0x00000000ebeae2e0 at C:\re\jdk7u60\1081\hotspot\src\share\vm\prims\jvm.cpp:1244
Event: 2.076 Thread 0x0000000009ea6000 Threw 0x00000000ebb262e8 at C:\re\jdk7u60\1081\hotspot\src\share\vm\prims\jvm.cpp:1244
Event: 2.081 Thread 0x0000000002dd0800 Threw 0x00000000ebc9f158 at C:\re\jdk7u60\1081\hotspot\src\share\vm\prims\jvm.cpp:1244
Event: 3.178 Thread 0x0000000009ea6000 Implicit null exception at 0x0000000002f77fd2 to 0x0000000002f780c2
Event: 3.524 Thread 0x0000000009ed3000 Implicit null exception at 0x0000000002f8ef0c to 0x0000000002f90149
Event: 3.856 Thread 0x0000000009ee1800 Threw 0x00000000ebc1ae60 at C:\re\jdk7u60\1081\hotspot\src\share\vm\prims\jvm.cpp:1244

Events (10 events):
Event: 4.214 Thread 0x0000000002dd0800 DEOPT UNPACKING pc=0x0000000002f09064 sp=0x0000000002dce098 mode 2
Event: 4.223 Thread 0x0000000009ee1800 Uncommon trap: trap_request=0xffffffc6 fr.pc=0x0000000002f8db04
Event: 4.223 Thread 0x0000000009ee1800 DEOPT PACKING pc=0x0000000002f8db04 sp=0x000000000a6aee70
Event: 4.223 Thread 0x0000000009ee1800 DEOPT UNPACKING pc=0x0000000002f09064 sp=0x000000000a6aee18 mode 2
Event: 4.223 Thread 0x0000000009ee1800 Uncommon trap: trap_request=0xffffffc6 fr.pc=0x0000000002f8db04
Event: 4.223 Thread 0x0000000009ee1800 DEOPT PACKING pc=0x0000000002f8db04 sp=0x000000000a6aee70
Event: 4.223 Thread 0x0000000009ee1800 DEOPT UNPACKING pc=0x0000000002f09064 sp=0x000000000a6aee18 mode 2
Event: 4.223 Thread 0x0000000009ee1800 Uncommon trap: trap_request=0xffffffc6 fr.pc=0x0000000002f8db04
Event: 4.223 Thread 0x0000000009ee1800 DEOPT PACKING pc=0x0000000002f8db04 sp=0x000000000a6aee70
Event: 4.223 Thread 0x0000000009ee1800 DEOPT UNPACKING pc=0x0000000002f09064 sp=0x000000000a6aee18 mode 2


Dynamic libraries:
0x00007ff7aa420000 - 0x00007ff7aa453000 	C:\Program Files\Java\jdk1.7.0_60\bin\java.exe
0x00007ff8c38a0000 - 0x00007ff8c3a4d000 	C:\Windows\SYSTEM32\ntdll.dll
0x00007ff8c1820000 - 0x00007ff8c195e000 	C:\Windows\system32\KERNEL32.DLL
0x00007ff8c0b00000 - 0x00007ff8c0c15000 	C:\Windows\system32\KERNELBASE.dll
0x00007ff8bf5a0000 - 0x00007ff8bf62e000 	C:\Windows\system32\apphelp.dll
0x00007ff8b71a0000 - 0x00007ff8b71f3000 	C:\Windows\AppPatch\AppPatch64\AcGenral.DLL
0x00007ff8c1290000 - 0x00007ff8c133a000 	C:\Windows\system32\msvcrt.dll
0x00007ff8c0f00000 - 0x00007ff8c0f2e000 	C:\Windows\system32\SspiCli.dll
0x00007ff8c3320000 - 0x00007ff8c3374000 	C:\Windows\system32\SHLWAPI.dll
0x00007ff8c3190000 - 0x00007ff8c3307000 	C:\Windows\system32\USER32.dll
0x00007ff8c1020000 - 0x00007ff8c11b4000 	C:\Windows\system32\ole32.dll
0x00007ff8c1ab0000 - 0x00007ff8c2fda000 	C:\Windows\system32\SHELL32.dll
0x00007ff8bffa0000 - 0x00007ff8bffc1000 	C:\Windows\SYSTEM32\USERENV.dll
0x00007ff8c0f30000 - 0x00007ff8c0fda000 	C:\Windows\system32\ADVAPI32.dll
0x00007ff8bb180000 - 0x00007ff8bb19e000 	C:\Windows\SYSTEM32\MPR.dll
0x00007ff8c3760000 - 0x00007ff8c38a0000 	C:\Windows\system32\RPCRT4.dll
0x00007ff8c11c0000 - 0x00007ff8c1219000 	C:\Windows\SYSTEM32\sechost.dll
0x00007ff8c3540000 - 0x00007ff8c3751000 	C:\Windows\SYSTEM32\combase.dll
0x00007ff8c1960000 - 0x00007ff8c1aaf000 	C:\Windows\system32\GDI32.dll
0x00007ff8c09d0000 - 0x00007ff8c09e5000 	C:\Windows\SYSTEM32\profapi.dll
0x00007ff8bc9b0000 - 0x00007ff8bca62000 	C:\Windows\SYSTEM32\SHCORE.dll
0x00007ff8c0fe0000 - 0x00007ff8c1016000 	C:\Windows\system32\IMM32.DLL
0x00007ff8c16c0000 - 0x00007ff8c1812000 	C:\Windows\system32\MSCTF.dll
0x00007ff8bbf20000 - 0x00007ff8bc19b000 	C:\Windows\WinSxS\amd64_microsoft.windows.common-controls_6595b64144ccf1df_6.0.9600.18006_none_623f33d3ecbe86e8\COMCTL32.dll
0x000000005e080000 - 0x000000005e152000 	C:\Program Files\Java\jdk1.7.0_60\jre\bin\msvcr100.dll
0x000000005e5f0000 - 0x000000005edc2000 	C:\Program Files\Java\jdk1.7.0_60\jre\bin\server\jvm.dll
0x00007ff8bedd0000 - 0x00007ff8bedd9000 	C:\Windows\SYSTEM32\WSOCK32.dll
0x00007ff8bd4e0000 - 0x00007ff8bd502000 	C:\Windows\SYSTEM32\WINMM.dll
0x00007ff8c3530000 - 0x00007ff8c3537000 	C:\Windows\system32\PSAPI.DLL
0x00007ff8c13c0000 - 0x00007ff8c141a000 	C:\Windows\system32\WS2_32.dll
0x00007ff8bd430000 - 0x00007ff8bd45a000 	C:\Windows\SYSTEM32\WINMMBASE.dll
0x00007ff8c1280000 - 0x00007ff8c1289000 	C:\Windows\system32\NSI.dll
0x00007ff8c0e00000 - 0x00007ff8c0e4f000 	C:\Windows\SYSTEM32\cfgmgr32.dll
0x00007ff8bf7f0000 - 0x00007ff8bf818000 	C:\Windows\SYSTEM32\DEVOBJ.dll
0x000000005e500000 - 0x000000005e50f000 	C:\Program Files\Java\jdk1.7.0_60\jre\bin\verify.dll
0x000000005e4d0000 - 0x000000005e4f8000 	C:\Program Files\Java\jdk1.7.0_60\jre\bin\java.dll
0x000000005e4b0000 - 0x000000005e4c5000 	C:\Program Files\Java\jdk1.7.0_60\jre\bin\zip.dll
0x000000005e490000 - 0x000000005e4a9000 	C:\Program Files\Java\jdk1.7.0_60\jre\bin\net.dll
0x00007ff8c0210000 - 0x00007ff8c0269000 	C:\Windows\system32\mswsock.dll
0x000000005e470000 - 0x000000005e481000 	C:\Program Files\Java\jdk1.7.0_60\jre\bin\nio.dll

VM Arguments:
jvm_args: -Djava.awt.headless=true -Xmx1024M -Dfile.encoding=windows-1252 -Duser.country=IN -Duser.language=en -Duser.variant 
java_command: com.android.dx.command.Main --dex --force-jumbo --num-threads=4 --multi-dex --output D:\AUTOSPEC\AutoSpec\app\build\intermediates\transforms\dex\debug\folders\1000\10\com.android.support-design-23.2.0_6acd4b76ce17df0496e90c95180a0cc3a1965ba7 D:\AUTOSPEC\AutoSpec\app\build\intermediates\exploded-aar\com.android.support\design\23.2.0\jars\classes.jar
Launcher Type: SUN_STANDARD

Environment Variables:
PATH="C:\Program Files\Java\jdk1.7.0_60\bin";"C:\Program Files\Java\jdk1.7.0_60\bin"
USERNAME=Admin
OS=Windows_NT
PROCESSOR_IDENTIFIER=Intel64 Family 6 Model 58 Stepping 9, GenuineIntel



---------------  S Y S T E M  ---------------

OS: Windows 8.1 , 64 bit Build 9600 

CPU:total 2 (2 cores per cpu, 1 threads per core) family 6 model 58 stepping 9, cmov, cx8, fxsr, mmx, sse, sse2, sse3, ssse3, sse4.1, sse4.2, popcnt, erms, tsc, tscinvbit, tscinv

Memory: 4k page, physical 6185000k(830100k free), swap 9330728k(5392k free)

vm_info: Java HotSpot(TM) 64-Bit Server VM (24.60-b09) for windows-amd64 JRE (1.7.0_60-b19), built on May  7 2014 12:55:18 by "java_re" with unknown MS VC++:1600

time: Mon Jun 20 18:36:01 2016
elapsed time: 4 seconds

