#
# There is insufficient memory for the Java Runtime Environment to continue.
# Native memory allocation (malloc) failed to allocate 69904 bytes for Chunk::new
# Possible reasons:
#   The system is out of physical RAM or swap space
#   In 32 bit mode, the process size limit was hit
# Possible solutions:
#   Reduce memory load on the system
#   Increase physical memory or swap space
#   Check if swap backing store is full
#   Use 64 bit Java on a 64 bit OS
#   Decrease Java heap size (-Xmx/-Xms)
#   Decrease number of Java threads
#   Decrease Java thread stack sizes (-Xss)
#   Set larger code cache with -XX:ReservedCodeCacheSize=
# This output file may be truncated or incomplete.
#
#  Out of Memory Error (allocation.cpp:323), pid=5224, tid=5736
#
# JRE version: Java(TM) SE Runtime Environment (7.0_60-b19) (build 1.7.0_60-b19)
# Java VM: Java HotSpot(TM) 64-Bit Server VM (24.60-b09 mixed mode windows-amd64 compressed oops)
# Failed to write core dump. Minidumps are not enabled by default on client versions of Windows
#

---------------  T H R E A D  ---------------

Current thread (0x000000000850e800):  JavaThread "C2 CompilerThread0" daemon [_thread_in_native, id=5736, stack(0x0000000009460000,0x0000000009560000)]

Stack: [0x0000000009460000,0x0000000009560000]

Current CompileTask:
C2:    934   58             com.android.dx.ssa.SsaMethod::deleteInsns (239 bytes)


---------------  P R O C E S S  ---------------

Java Threads: ( => current thread )
  0x0000000009957800 JavaThread "pool-2-thread-4" [_thread_in_Java, id=3928, stack(0x000000000a060000,0x000000000a160000)]
  0x0000000009957000 JavaThread "pool-2-thread-3" [_thread_in_vm, id=4964, stack(0x0000000009f60000,0x000000000a060000)]
  0x0000000009956000 JavaThread "pool-2-thread-2" [_thread_in_vm, id=276, stack(0x0000000009e60000,0x0000000009f60000)]
  0x0000000009951800 JavaThread "pool-3-thread-1" [_thread_blocked, id=3788, stack(0x0000000009d60000,0x0000000009e60000)]
  0x000000000986a800 JavaThread "pool-2-thread-1" [_thread_in_Java, id=5816, stack(0x0000000009c60000,0x0000000009d60000)]
  0x000000000851c800 JavaThread "Service Thread" daemon [_thread_blocked, id=6132, stack(0x0000000009660000,0x0000000009760000)]
  0x000000000851c000 JavaThread "C2 CompilerThread1" daemon [_thread_in_native, id=5920, stack(0x0000000009560000,0x0000000009660000)]
=>0x000000000850e800 JavaThread "C2 CompilerThread0" daemon [_thread_in_native, id=5736, stack(0x0000000009460000,0x0000000009560000)]
  0x000000000850d000 JavaThread "Attach Listener" daemon [_thread_blocked, id=3624, stack(0x0000000009360000,0x0000000009460000)]
  0x0000000008509800 JavaThread "Signal Dispatcher" daemon [_thread_blocked, id=1040, stack(0x0000000009260000,0x0000000009360000)]
  0x00000000084d9800 JavaThread "Finalizer" daemon [_thread_blocked, id=1156, stack(0x0000000009160000,0x0000000009260000)]
  0x00000000084d1000 JavaThread "Reference Handler" daemon [_thread_blocked, id=5632, stack(0x0000000009060000,0x0000000009160000)]
  0x0000000002880800 JavaThread "main" [_thread_in_Java, id=5748, stack(0x00000000026e0000,0x00000000027e0000)]

Other Threads:
  0x00000000084cb800 VMThread [stack: 0x0000000008f60000,0x0000000009060000] [id=3252]
  0x0000000008526000 WatcherThread [stack: 0x0000000009760000,0x0000000009860000] [id=5980]

VM state:not at safepoint (normal execution)

VM Mutex/Monitor currently owned by a thread: None

Heap
 PSYoungGen      total 28672K, used 13848K [0x00000000eaa80000, 0x00000000eca00000, 0x0000000100000000)
  eden space 25088K, 55% used [0x00000000eaa80000,0x00000000eb806180,0x00000000ec300000)
  from space 3584K, 0% used [0x00000000ec680000,0x00000000ec680000,0x00000000eca00000)
  to   space 3584K, 0% used [0x00000000ec300000,0x00000000ec300000,0x00000000ec680000)
 ParOldGen       total 64512K, used 0K [0x00000000c0000000, 0x00000000c3f00000, 0x00000000eaa80000)
  object space 64512K, 0% used [0x00000000c0000000,0x00000000c0000000,0x00000000c3f00000)
 PSPermGen       total 21504K, used 5523K [0x00000000bae00000, 0x00000000bc300000, 0x00000000c0000000)
  object space 21504K, 25% used [0x00000000bae00000,0x00000000bb364f00,0x00000000bc300000)

Card table byte_map: [0x0000000005980000,0x0000000005bb0000] byte_map_base: 0x00000000053a9000

Polling page: 0x0000000000d60000

Code Cache  [0x0000000002980000, 0x0000000002bf0000, 0x0000000005980000)
 total_blobs=295 nmethods=59 adapters=189 free_code_cache=48679Kb largest_free_block=49829184

Compilation events (10 events):
Event: 0.923 Thread 0x000000000851c000   57             com.android.dx.rop.type.Type::getType (2 bytes)
Event: 0.923 Thread 0x000000000850e800   58             com.android.dx.ssa.SsaMethod::deleteInsns (239 bytes)
Event: 0.923 Thread 0x000000000851c000 nmethod 57 0x00000000029f5d10 code [0x00000000029f5e40, 0x00000000029f5e98]
Event: 0.924 Thread 0x000000000851c000   59             com.android.dx.rop.code.Insn::getSources (5 bytes)
Event: 0.924 Thread 0x000000000851c000 nmethod 59 0x00000000029f5a90 code [0x00000000029f5bc0, 0x00000000029f5c18]
Event: 0.928 Thread 0x000000000851c000   60             com.android.dx.util.MutabilityControl::setImmutable (6 bytes)
Event: 0.928 Thread 0x000000000851c000 nmethod 60 0x00000000029f9190 code [0x00000000029f92c0, 0x00000000029f9318]
Event: 0.931 Thread 0x000000000851c000   61             java.util.BitSet::get (69 bytes)
Event: 0.932 Thread 0x000000000851c000 nmethod 61 0x00000000029fa810 code [0x00000000029fa940, 0x00000000029fa9f8]
Event: 0.933 Thread 0x000000000851c000   62             com.android.dx.util.IntList::growIfNeeded (46 bytes)

GC Heap History (0 events):
No events

Deoptimization events (0 events):
No events

Internal exceptions (10 events):
Event: 0.748 Thread 0x0000000009956000 Threw 0x00000000eb237c90 at C:\re\jdk7u60\1081\hotspot\src\share\vm\prims\jvm.cpp:1244
Event: 0.748 Thread 0x0000000009956000 Threw 0x00000000eb23bec8 at C:\re\jdk7u60\1081\hotspot\src\share\vm\prims\jvm.cpp:1244
Event: 0.749 Thread 0x0000000009956000 Threw 0x00000000eb23fc38 at C:\re\jdk7u60\1081\hotspot\src\share\vm\prims\jvm.cpp:1244
Event: 0.753 Thread 0x0000000009956000 Threw 0x00000000eb24c808 at C:\re\jdk7u60\1081\hotspot\src\share\vm\prims\jvm.cpp:1244
Event: 0.754 Thread 0x0000000009956000 Threw 0x00000000eb2525f8 at C:\re\jdk7u60\1081\hotspot\src\share\vm\prims\jvm.cpp:1244
Event: 0.754 Thread 0x0000000009956000 Threw 0x00000000eb256890 at C:\re\jdk7u60\1081\hotspot\src\share\vm\prims\jvm.cpp:1244
Event: 0.761 Thread 0x0000000009956000 Threw 0x00000000eb49e750 at C:\re\jdk7u60\1081\hotspot\src\share\vm\prims\jvm.cpp:1244
Event: 0.764 Thread 0x0000000009956000 Threw 0x00000000eb4a8a38 at C:\re\jdk7u60\1081\hotspot\src\share\vm\prims\jvm.cpp:1244
Event: 0.777 Thread 0x0000000009956000 Threw 0x00000000eb4d42a8 at C:\re\jdk7u60\1081\hotspot\src\share\vm\prims\jvm.cpp:1244
Event: 0.825 Thread 0x000000000986a800 Threw 0x00000000eb2c69a0 at C:\re\jdk7u60\1081\hotspot\src\share\vm\prims\jvm.cpp:1244

Events (10 events):
Event: 0.764 loading class 0x0000000009a89140
Event: 0.764 loading class 0x0000000009a89140 done
Event: 0.777 loading class 0x00000000099222f0
Event: 0.777 loading class 0x00000000099222f0 done
Event: 0.825 loading class 0x0000000009922430
Event: 0.825 loading class 0x0000000009922430 done
Event: 0.827 loading class 0x00000000028f1930
Event: 0.827 loading class 0x00000000028f1930 done
Event: 0.827 loading class 0x00000000028f1900
Event: 0.827 loading class 0x00000000028f1900 done


Dynamic libraries:
0x00007ff7aa420000 - 0x00007ff7aa453000 	C:\Program Files\Java\jdk1.7.0_60\bin\java.exe
0x00007ff8c38a0000 - 0x00007ff8c3a4d000 	C:\Windows\SYSTEM32\ntdll.dll
0x00007ff8c1820000 - 0x00007ff8c195e000 	C:\Windows\system32\KERNEL32.DLL
0x00007ff8c0b00000 - 0x00007ff8c0c15000 	C:\Windows\system32\KERNELBASE.dll
0x00007ff8bf5a0000 - 0x00007ff8bf62e000 	C:\Windows\system32\apphelp.dll
0x00007ff8b71a0000 - 0x00007ff8b71f3000 	C:\Windows\AppPatch\AppPatch64\AcGenral.DLL
0x00007ff8c1290000 - 0x00007ff8c133a000 	C:\Windows\system32\msvcrt.dll
0x00007ff8c0f00000 - 0x00007ff8c0f2e000 	C:\Windows\system32\SspiCli.dll
0x00007ff8c3320000 - 0x00007ff8c3374000 	C:\Windows\system32\SHLWAPI.dll
0x00007ff8c3190000 - 0x00007ff8c3307000 	C:\Windows\system32\USER32.dll
0x00007ff8c1020000 - 0x00007ff8c11b4000 	C:\Windows\system32\ole32.dll
0x00007ff8c1ab0000 - 0x00007ff8c2fda000 	C:\Windows\system32\SHELL32.dll
0x00007ff8bffa0000 - 0x00007ff8bffc1000 	C:\Windows\SYSTEM32\USERENV.dll
0x00007ff8c0f30000 - 0x00007ff8c0fda000 	C:\Windows\system32\ADVAPI32.dll
0x00007ff8bb180000 - 0x00007ff8bb19e000 	C:\Windows\SYSTEM32\MPR.dll
0x00007ff8c3760000 - 0x00007ff8c38a0000 	C:\Windows\system32\RPCRT4.dll
0x00007ff8c11c0000 - 0x00007ff8c1219000 	C:\Windows\SYSTEM32\sechost.dll
0x00007ff8c3540000 - 0x00007ff8c3751000 	C:\Windows\SYSTEM32\combase.dll
0x00007ff8c1960000 - 0x00007ff8c1aaf000 	C:\Windows\system32\GDI32.dll
0x00007ff8c09d0000 - 0x00007ff8c09e5000 	C:\Windows\SYSTEM32\profapi.dll
0x00007ff8bc9b0000 - 0x00007ff8bca62000 	C:\Windows\SYSTEM32\SHCORE.dll
0x00007ff8c0fe0000 - 0x00007ff8c1016000 	C:\Windows\system32\IMM32.DLL
0x00007ff8c16c0000 - 0x00007ff8c1812000 	C:\Windows\system32\MSCTF.dll
0x00007ff8bbf20000 - 0x00007ff8bc19b000 	C:\Windows\WinSxS\amd64_microsoft.windows.common-controls_6595b64144ccf1df_6.0.9600.18006_none_623f33d3ecbe86e8\COMCTL32.dll
0x000000005e080000 - 0x000000005e152000 	C:\Program Files\Java\jdk1.7.0_60\jre\bin\msvcr100.dll
0x000000005e5f0000 - 0x000000005edc2000 	C:\Program Files\Java\jdk1.7.0_60\jre\bin\server\jvm.dll
0x00007ff8bedd0000 - 0x00007ff8bedd9000 	C:\Windows\SYSTEM32\WSOCK32.dll
0x00007ff8bd4e0000 - 0x00007ff8bd502000 	C:\Windows\SYSTEM32\WINMM.dll
0x00007ff8c3530000 - 0x00007ff8c3537000 	C:\Windows\system32\PSAPI.DLL
0x00007ff8c13c0000 - 0x00007ff8c141a000 	C:\Windows\system32\WS2_32.dll
0x00007ff8bd430000 - 0x00007ff8bd45a000 	C:\Windows\SYSTEM32\WINMMBASE.dll
0x00007ff8c1280000 - 0x00007ff8c1289000 	C:\Windows\system32\NSI.dll
0x00007ff8c0e00000 - 0x00007ff8c0e4f000 	C:\Windows\SYSTEM32\cfgmgr32.dll
0x00007ff8bf7f0000 - 0x00007ff8bf818000 	C:\Windows\SYSTEM32\DEVOBJ.dll
0x000000005e500000 - 0x000000005e50f000 	C:\Program Files\Java\jdk1.7.0_60\jre\bin\verify.dll
0x000000005e4d0000 - 0x000000005e4f8000 	C:\Program Files\Java\jdk1.7.0_60\jre\bin\java.dll
0x000000005e4b0000 - 0x000000005e4c5000 	C:\Program Files\Java\jdk1.7.0_60\jre\bin\zip.dll
0x000000005e490000 - 0x000000005e4a9000 	C:\Program Files\Java\jdk1.7.0_60\jre\bin\net.dll
0x00007ff8c0210000 - 0x00007ff8c0269000 	C:\Windows\system32\mswsock.dll
0x000000005e470000 - 0x000000005e481000 	C:\Program Files\Java\jdk1.7.0_60\jre\bin\nio.dll

VM Arguments:
jvm_args: -Djava.awt.headless=true -Xmx1024M -Dfile.encoding=windows-1252 -Duser.country=IN -Duser.language=en -Duser.variant 
java_command: com.android.dx.command.Main --dex --force-jumbo --num-threads=4 --multi-dex --output D:\AUTOSPEC\AutoSpec\app\build\intermediates\transforms\dex\debug\folders\1000\10\library-2.4.0_8145473287de8c2ff70de33d83ab99a0a921997e C:\Users\Admin\.gradle\caches\modules-2\files-2.1\com.nineoldandroids\library\2.4.0\e9b63380f3a242dbdbf103a2355ad7e43bad17cb\library-2.4.0.jar
Launcher Type: SUN_STANDARD

Environment Variables:
PATH="C:\Program Files\Java\jdk1.7.0_60\bin";"C:\Program Files\Java\jdk1.7.0_60\bin"
USERNAME=Admin
OS=Windows_NT
PROCESSOR_IDENTIFIER=Intel64 Family 6 Model 58 Stepping 9, GenuineIntel



---------------  S Y S T E M  ---------------

OS: Windows 8.1 , 64 bit Build 9600 

CPU:total 2 (2 cores per cpu, 1 threads per core) family 6 model 58 stepping 9, cmov, cx8, fxsr, mmx, sse, sse2, sse3, ssse3, sse4.1, sse4.2, popcnt, erms, tsc, tscinvbit, tscinv

Memory: 4k page, physical 6185000k(876888k free), swap 9330728k(5080k free)

vm_info: Java HotSpot(TM) 64-Bit Server VM (24.60-b09) for windows-amd64 JRE (1.7.0_60-b19), built on May  7 2014 12:55:18 by "java_re" with unknown MS VC++:1600

time: Mon Jun 20 18:32:35 2016
elapsed time: 1 seconds

