#
# There is insufficient memory for the Java Runtime Environment to continue.
# Native memory allocation (malloc) failed to allocate 2402576 bytes for Chunk::new
# Possible reasons:
#   The system is out of physical RAM or swap space
#   In 32 bit mode, the process size limit was hit
# Possible solutions:
#   Reduce memory load on the system
#   Increase physical memory or swap space
#   Check if swap backing store is full
#   Use 64 bit Java on a 64 bit OS
#   Decrease Java heap size (-Xmx/-Xms)
#   Decrease number of Java threads
#   Decrease Java thread stack sizes (-Xss)
#   Set larger code cache with -XX:ReservedCodeCacheSize=
# This output file may be truncated or incomplete.
#
#  Out of Memory Error (allocation.cpp:323), pid=276, tid=5320
#
# JRE version: Java(TM) SE Runtime Environment (7.0_60-b19) (build 1.7.0_60-b19)
# Java VM: Java HotSpot(TM) 64-Bit Server VM (24.60-b09 mixed mode windows-amd64 compressed oops)
# Failed to write core dump. Minidumps are not enabled by default on client versions of Windows
#

---------------  T H R E A D  ---------------

Current thread (0x000000000802e000):  JavaThread "C2 CompilerThread0" daemon [_thread_in_native, id=5320, stack(0x0000000008f80000,0x0000000009080000)]

Stack: [0x0000000008f80000,0x0000000009080000]

Current CompileTask:
C2:   1714  198             com.android.dx.ssa.SCCP::run (298 bytes)


---------------  P R O C E S S  ---------------

Java Threads: ( => current thread )
  0x0000000009437000 JavaThread "pool-2-thread-4" [_thread_blocked, id=992, stack(0x0000000009b80000,0x0000000009c80000)]
  0x0000000009436800 JavaThread "pool-2-thread-3" [_thread_blocked, id=3004, stack(0x0000000009a80000,0x0000000009b80000)]
  0x0000000009436000 JavaThread "pool-2-thread-2" [_thread_in_Java, id=4776, stack(0x0000000009980000,0x0000000009a80000)]
  0x00000000093c8000 JavaThread "pool-3-thread-1" [_thread_blocked, id=5628, stack(0x0000000009880000,0x0000000009980000)]
  0x00000000093c6000 JavaThread "pool-2-thread-1" [_thread_blocked, id=3772, stack(0x0000000009780000,0x0000000009880000)]
  0x000000000803f800 JavaThread "Service Thread" daemon [_thread_blocked, id=2476, stack(0x0000000009180000,0x0000000009280000)]
  0x0000000008032000 JavaThread "C2 CompilerThread1" daemon [_thread_in_native, id=3928, stack(0x0000000009080000,0x0000000009180000)]
=>0x000000000802e000 JavaThread "C2 CompilerThread0" daemon [_thread_in_native, id=5320, stack(0x0000000008f80000,0x0000000009080000)]
  0x000000000802c800 JavaThread "Attach Listener" daemon [_thread_blocked, id=5488, stack(0x0000000008e80000,0x0000000008f80000)]
  0x0000000008029000 JavaThread "Signal Dispatcher" daemon [_thread_blocked, id=5288, stack(0x0000000008d80000,0x0000000008e80000)]
  0x0000000007ff9800 JavaThread "Finalizer" daemon [_thread_blocked, id=5796, stack(0x0000000008c80000,0x0000000008d80000)]
  0x0000000007ff1000 JavaThread "Reference Handler" daemon [_thread_blocked, id=5948, stack(0x0000000008b80000,0x0000000008c80000)]
  0x0000000002380800 JavaThread "main" [_thread_in_Java, id=5208, stack(0x0000000002280000,0x0000000002380000)]

Other Threads:
  0x0000000007feb800 VMThread [stack: 0x0000000008a80000,0x0000000008b80000] [id=5368]
  0x0000000008049000 WatcherThread [stack: 0x0000000009280000,0x0000000009380000] [id=2484]

VM state:not at safepoint (normal execution)

VM Mutex/Monitor currently owned by a thread: None

Heap
 PSYoungGen      total 28672K, used 6504K [0x00000000eaa80000, 0x00000000eca00000, 0x0000000100000000)
  eden space 25088K, 11% used [0x00000000eaa80000,0x00000000ead60928,0x00000000ec300000)
  from space 3584K, 99% used [0x00000000ec300000,0x00000000ec6798b8,0x00000000ec680000)
  to   space 3584K, 0% used [0x00000000ec680000,0x00000000ec680000,0x00000000eca00000)
 ParOldGen       total 64512K, used 2306K [0x00000000c0000000, 0x00000000c3f00000, 0x00000000eaa80000)
  object space 64512K, 3% used [0x00000000c0000000,0x00000000c0240868,0x00000000c3f00000)
 PSPermGen       total 21504K, used 5328K [0x00000000bae00000, 0x00000000bc300000, 0x00000000c0000000)
  object space 21504K, 24% used [0x00000000bae00000,0x00000000bb3343d8,0x00000000bc300000)

Card table byte_map: [0x0000000005480000,0x00000000056b0000] byte_map_base: 0x0000000004ea9000

Polling page: 0x0000000000a00000

Code Cache  [0x0000000002480000, 0x00000000026f0000, 0x0000000005480000)
 total_blobs=413 nmethods=200 adapters=166 free_code_cache=48268Kb largest_free_block=49389824

Compilation events (10 events):
Event: 1.442 Thread 0x000000000802e000 nmethod 197 0x0000000002542510 code [0x0000000002542660, 0x0000000002542778]
Event: 1.443 Thread 0x000000000802e000  198             com.android.dx.ssa.SCCP::run (298 bytes)
Event: 1.550 Thread 0x0000000008032000 nmethod 192 0x000000000255c6d0 code [0x000000000255cc00, 0x0000000002560378]
Event: 1.550 Thread 0x0000000008032000  199             com.android.dx.ssa.back.LivenessAnalyzer::run (231 bytes)
Event: 1.579 Thread 0x0000000008032000 nmethod 199 0x0000000002559ad0 code [0x0000000002559d60, 0x000000000255ad30]
Event: 1.579 Thread 0x0000000008032000  200             java.util.ArrayList::remove (77 bytes)
Event: 1.583 Thread 0x0000000008032000 nmethod 200 0x0000000002542010 code [0x0000000002542160, 0x0000000002542378]
Event: 1.672 Thread 0x0000000008032000  201             com.android.dx.ssa.SsaBasicBlock::forEachPhiInsn (54 bytes)
Event: 1.676 Thread 0x0000000008032000 nmethod 201 0x000000000253a510 code [0x000000000253a6a0, 0x000000000253aa68]
Event: 1.682 Thread 0x0000000008032000  202             com.android.dx.ssa.SCCP::simulateBlock (54 bytes)

GC Heap History (2 events):
Event: 1.412 GC heap before
{Heap before GC invocations=1 (full 0):
 PSYoungGen      total 28672K, used 25088K [0x00000000eaa80000, 0x00000000eca00000, 0x0000000100000000)
  eden space 25088K, 100% used [0x00000000eaa80000,0x00000000ec300000,0x00000000ec300000)
  from space 3584K, 0% used [0x00000000ec680000,0x00000000ec680000,0x00000000eca00000)
  to   space 3584K, 0% used [0x00000000ec300000,0x00000000ec300000,0x00000000ec680000)
 ParOldGen       total 64512K, used 0K [0x00000000c0000000, 0x00000000c3f00000, 0x00000000eaa80000)
  object space 64512K, 0% used [0x00000000c0000000,0x00000000c0000000,0x00000000c3f00000)
 PSPermGen       total 21504K, used 5301K [0x00000000bae00000, 0x00000000bc300000, 0x00000000c0000000)
  object space 21504K, 24% used [0x00000000bae00000,0x00000000bb32d740,0x00000000bc300000)
Event: 1.421 GC heap after
Heap after GC invocations=1 (full 0):
 PSYoungGen      total 28672K, used 3558K [0x00000000eaa80000, 0x00000000eca00000, 0x0000000100000000)
  eden space 25088K, 0% used [0x00000000eaa80000,0x00000000eaa80000,0x00000000ec300000)
  from space 3584K, 99% used [0x00000000ec300000,0x00000000ec6798b8,0x00000000ec680000)
  to   space 3584K, 0% used [0x00000000ec680000,0x00000000ec680000,0x00000000eca00000)
 ParOldGen       total 64512K, used 2306K [0x00000000c0000000, 0x00000000c3f00000, 0x00000000eaa80000)
  object space 64512K, 3% used [0x00000000c0000000,0x00000000c0240868,0x00000000c3f00000)
 PSPermGen       total 21504K, used 5301K [0x00000000bae00000, 0x00000000bc300000, 0x00000000c0000000)
  object space 21504K, 24% used [0x00000000bae00000,0x00000000bb32d740,0x00000000bc300000)
}

Deoptimization events (8 events):
Event: 0.686 Thread 0x0000000002380800 Uncommon trap: reason=null_check action=make_not_entrant pc=0x00000000024f3014 method=com.android.dx.rop.code.LocalItem.equals(Ljava/lang/Object;)Z @ 1
Event: 0.687 Thread 0x0000000002380800 Uncommon trap: reason=null_check action=make_not_entrant pc=0x00000000024f50ec method=com.android.dx.rop.code.LocalItem.equals(Ljava/lang/Object;)Z @ 1
Event: 0.720 Thread 0x0000000002380800 Uncommon trap: reason=class_check action=maybe_recompile pc=0x00000000025064a0 method=com.android.dx.ssa.NormalSsaInsn.accept(Lcom/android/dx/ssa/SsaInsn$Visitor;)V @ 9
Event: 0.720 Thread 0x0000000002380800 Uncommon trap: reason=class_check action=maybe_recompile pc=0x00000000025064a0 method=com.android.dx.ssa.NormalSsaInsn.accept(Lcom/android/dx/ssa/SsaInsn$Visitor;)V @ 9
Event: 0.721 Thread 0x0000000002380800 Uncommon trap: reason=class_check action=maybe_recompile pc=0x00000000025064a0 method=com.android.dx.ssa.NormalSsaInsn.accept(Lcom/android/dx/ssa/SsaInsn$Visitor;)V @ 9
Event: 0.721 Thread 0x0000000002380800 Uncommon trap: reason=class_check action=maybe_recompile pc=0x00000000025064a0 method=com.android.dx.ssa.NormalSsaInsn.accept(Lcom/android/dx/ssa/SsaInsn$Visitor;)V @ 9
Event: 0.754 Thread 0x0000000009436000 Uncommon trap: reason=null_check action=make_not_entrant pc=0x0000000002509760 method=com.android.dx.ssa.SsaRenamer.getLocalForNewReg(I)Lcom/android/dx/rop/code/LocalItem; @ 19
Event: 0.820 Thread 0x0000000009436800 Uncommon trap: reason=null_check action=make_not_entrant pc=0x00000000024f50ec method=com.android.dx.rop.code.LocalItem.equals(Ljava/lang/Object;)Z @ 1

Internal exceptions (10 events):
Event: 0.526 Thread 0x00000000093c6000 Threw 0x00000000eb203f38 at C:\re\jdk7u60\1081\hotspot\src\share\vm\prims\jvm.cpp:1244
Event: 0.526 Thread 0x00000000093c6000 Threw 0x00000000eb208ff0 at C:\re\jdk7u60\1081\hotspot\src\share\vm\prims\jvm.cpp:1244
Event: 0.527 Thread 0x00000000093c6000 Threw 0x00000000eb20bb90 at C:\re\jdk7u60\1081\hotspot\src\share\vm\prims\jvm.cpp:1244
Event: 0.527 Thread 0x00000000093c6000 Threw 0x00000000eb20f018 at C:\re\jdk7u60\1081\hotspot\src\share\vm\prims\jvm.cpp:1244
Event: 0.666 Thread 0x0000000009436800 Threw 0x00000000eb5feb08 at C:\re\jdk7u60\1081\hotspot\src\share\vm\prims\jvm.cpp:1244
Event: 0.686 Thread 0x0000000002380800 Implicit null exception at 0x00000000024f2cbe to 0x00000000024f2ff9
Event: 0.687 Thread 0x0000000002380800 Implicit null exception at 0x00000000024f4960 to 0x00000000024f50d1
Event: 0.751 Thread 0x0000000009436000 Threw 0x00000000eb6e23f8 at C:\re\jdk7u60\1081\hotspot\src\share\vm\prims\jvm.cpp:1244
Event: 0.754 Thread 0x0000000009436000 Implicit null exception at 0x0000000002508cd0 to 0x0000000002509745
Event: 0.820 Thread 0x0000000009436800 Implicit null exception at 0x00000000024f4960 to 0x00000000024f50d1

Events (10 events):
Event: 1.403 Executing VM operation: ParallelGCFailedAllocation
Event: 1.421 Executing VM operation: ParallelGCFailedAllocation done
Event: 1.421 loading class 0x00000000023e9690
Event: 1.421 loading class 0x00000000023e9690 done
Event: 1.429 loading class 0x00000000080888a0
Event: 1.429 loading class 0x00000000080888a0 done
Event: 1.429 loading class 0x0000000008088870
Event: 1.429 loading class 0x0000000008088870 done
Event: 1.429 Executing VM operation: Deoptimize
Event: 1.429 Executing VM operation: Deoptimize done


Dynamic libraries:
0x00007ff7aa420000 - 0x00007ff7aa453000 	C:\Program Files\Java\jdk1.7.0_60\bin\java.exe
0x00007ff8c38a0000 - 0x00007ff8c3a4d000 	C:\Windows\SYSTEM32\ntdll.dll
0x00007ff8c1820000 - 0x00007ff8c195e000 	C:\Windows\system32\KERNEL32.DLL
0x00007ff8c0b00000 - 0x00007ff8c0c15000 	C:\Windows\system32\KERNELBASE.dll
0x00007ff8bf5a0000 - 0x00007ff8bf62e000 	C:\Windows\system32\apphelp.dll
0x00007ff8b71a0000 - 0x00007ff8b71f3000 	C:\Windows\AppPatch\AppPatch64\AcGenral.DLL
0x00007ff8c1290000 - 0x00007ff8c133a000 	C:\Windows\system32\msvcrt.dll
0x00007ff8c0f00000 - 0x00007ff8c0f2e000 	C:\Windows\system32\SspiCli.dll
0x00007ff8c3320000 - 0x00007ff8c3374000 	C:\Windows\system32\SHLWAPI.dll
0x00007ff8c3190000 - 0x00007ff8c3307000 	C:\Windows\system32\USER32.dll
0x00007ff8c1020000 - 0x00007ff8c11b4000 	C:\Windows\system32\ole32.dll
0x00007ff8c1ab0000 - 0x00007ff8c2fda000 	C:\Windows\system32\SHELL32.dll
0x00007ff8bffa0000 - 0x00007ff8bffc1000 	C:\Windows\SYSTEM32\USERENV.dll
0x00007ff8c0f30000 - 0x00007ff8c0fda000 	C:\Windows\system32\ADVAPI32.dll
0x00007ff8bb180000 - 0x00007ff8bb19e000 	C:\Windows\SYSTEM32\MPR.dll
0x00007ff8c3760000 - 0x00007ff8c38a0000 	C:\Windows\system32\RPCRT4.dll
0x00007ff8c11c0000 - 0x00007ff8c1219000 	C:\Windows\SYSTEM32\sechost.dll
0x00007ff8c3540000 - 0x00007ff8c3751000 	C:\Windows\SYSTEM32\combase.dll
0x00007ff8c1960000 - 0x00007ff8c1aaf000 	C:\Windows\system32\GDI32.dll
0x00007ff8c09d0000 - 0x00007ff8c09e5000 	C:\Windows\SYSTEM32\profapi.dll
0x00007ff8bc9b0000 - 0x00007ff8bca62000 	C:\Windows\SYSTEM32\SHCORE.dll
0x00007ff8c0fe0000 - 0x00007ff8c1016000 	C:\Windows\system32\IMM32.DLL
0x00007ff8c16c0000 - 0x00007ff8c1812000 	C:\Windows\system32\MSCTF.dll
0x00007ff8bbf20000 - 0x00007ff8bc19b000 	C:\Windows\WinSxS\amd64_microsoft.windows.common-controls_6595b64144ccf1df_6.0.9600.18006_none_623f33d3ecbe86e8\COMCTL32.dll
0x000000005e080000 - 0x000000005e152000 	C:\Program Files\Java\jdk1.7.0_60\jre\bin\msvcr100.dll
0x000000005e5f0000 - 0x000000005edc2000 	C:\Program Files\Java\jdk1.7.0_60\jre\bin\server\jvm.dll
0x00007ff8bedd0000 - 0x00007ff8bedd9000 	C:\Windows\SYSTEM32\WSOCK32.dll
0x00007ff8bd4e0000 - 0x00007ff8bd502000 	C:\Windows\SYSTEM32\WINMM.dll
0x00007ff8c3530000 - 0x00007ff8c3537000 	C:\Windows\system32\PSAPI.DLL
0x00007ff8c13c0000 - 0x00007ff8c141a000 	C:\Windows\system32\WS2_32.dll
0x00007ff8bd430000 - 0x00007ff8bd45a000 	C:\Windows\SYSTEM32\WINMMBASE.dll
0x00007ff8c1280000 - 0x00007ff8c1289000 	C:\Windows\system32\NSI.dll
0x00007ff8c0e00000 - 0x00007ff8c0e4f000 	C:\Windows\SYSTEM32\cfgmgr32.dll
0x00007ff8bf7f0000 - 0x00007ff8bf818000 	C:\Windows\SYSTEM32\DEVOBJ.dll
0x000000005e500000 - 0x000000005e50f000 	C:\Program Files\Java\jdk1.7.0_60\jre\bin\verify.dll
0x000000005e4d0000 - 0x000000005e4f8000 	C:\Program Files\Java\jdk1.7.0_60\jre\bin\java.dll
0x000000005e4b0000 - 0x000000005e4c5000 	C:\Program Files\Java\jdk1.7.0_60\jre\bin\zip.dll

VM Arguments:
jvm_args: -Djava.awt.headless=true -Xmx1024M -Dfile.encoding=windows-1252 -Duser.country=IN -Duser.language=en -Duser.variant 
java_command: com.android.dx.command.Main --dex --force-jumbo --num-threads=4 --multi-dex --output D:\AUTOSPEC\AutoSpec\app\build\intermediates\transforms\dex\debug\folders\1000\5\slice_7 D:\AUTOSPEC\AutoSpec\app\build\intermediates\transforms\instantRunSlicer\debug\folders\1\5\slice_7
Launcher Type: SUN_STANDARD

Environment Variables:
PATH="C:\Program Files\Java\jdk1.7.0_60\bin";"C:\Program Files\Java\jdk1.7.0_60\bin"
USERNAME=Admin
OS=Windows_NT
PROCESSOR_IDENTIFIER=Intel64 Family 6 Model 58 Stepping 9, GenuineIntel



---------------  S Y S T E M  ---------------

OS: Windows 8.1 , 64 bit Build 9600 

CPU:total 2 (2 cores per cpu, 1 threads per core) family 6 model 58 stepping 9, cmov, cx8, fxsr, mmx, sse, sse2, sse3, ssse3, sse4.1, sse4.2, popcnt, erms, tsc, tscinvbit, tscinv

Memory: 4k page, physical 6185000k(861748k free), swap 9330728k(6944k free)

vm_info: Java HotSpot(TM) 64-Bit Server VM (24.60-b09) for windows-amd64 JRE (1.7.0_60-b19), built on May  7 2014 12:55:18 by "java_re" with unknown MS VC++:1600

time: Mon Jun 20 18:35:28 2016
elapsed time: 1 seconds

