#
# There is insufficient memory for the Java Runtime Environment to continue.
# Native memory allocation (malloc) failed to allocate 32744 bytes for ChunkPool::allocate
# Possible reasons:
#   The system is out of physical RAM or swap space
#   In 32 bit mode, the process size limit was hit
# Possible solutions:
#   Reduce memory load on the system
#   Increase physical memory or swap space
#   Check if swap backing store is full
#   Use 64 bit Java on a 64 bit OS
#   Decrease Java heap size (-Xmx/-Xms)
#   Decrease number of Java threads
#   Decrease Java thread stack sizes (-Xss)
#   Set larger code cache with -XX:ReservedCodeCacheSize=
# This output file may be truncated or incomplete.
#
#  Out of Memory Error (allocation.cpp:211), pid=4528, tid=272
#
# JRE version: Java(TM) SE Runtime Environment (7.0_60-b19) (build 1.7.0_60-b19)
# Java VM: Java HotSpot(TM) 64-Bit Server VM (24.60-b09 mixed mode windows-amd64 compressed oops)
# Failed to write core dump. Minidumps are not enabled by default on client versions of Windows
#

---------------  T H R E A D  ---------------

Current thread (0x00000000086ce800):  JavaThread "C2 CompilerThread0" daemon [_thread_in_native, id=272, stack(0x0000000009630000,0x0000000009730000)]

Stack: [0x0000000009630000,0x0000000009730000]

Current CompileTask:
C2:   1847  235   !         com.android.dx.cf.code.Ropper::processBlock (1101 bytes)


---------------  P R O C E S S  ---------------

Java Threads: ( => current thread )
  0x0000000009aea800 JavaThread "pool-2-thread-4" [_thread_in_Java, id=3772, stack(0x000000000a230000,0x000000000a330000)]
  0x0000000009b24000 JavaThread "pool-2-thread-3" [_thread_in_Java, id=2484, stack(0x000000000a130000,0x000000000a230000)]
  0x0000000009b23000 JavaThread "pool-2-thread-2" [_thread_in_vm, id=2476, stack(0x000000000a030000,0x000000000a130000)]
  0x0000000009b22800 JavaThread "pool-3-thread-1" [_thread_blocked, id=3928, stack(0x0000000009f30000,0x000000000a030000)]
  0x0000000009b21800 JavaThread "pool-2-thread-1" [_thread_in_Java, id=5320, stack(0x0000000009e30000,0x0000000009f30000)]
  0x00000000086dc800 JavaThread "Service Thread" daemon [_thread_blocked, id=5300, stack(0x0000000009830000,0x0000000009930000)]
  0x00000000086dc000 JavaThread "C2 CompilerThread1" daemon [_thread_in_native, id=5464, stack(0x0000000009730000,0x0000000009830000)]
=>0x00000000086ce800 JavaThread "C2 CompilerThread0" daemon [_thread_in_native, id=272, stack(0x0000000009630000,0x0000000009730000)]
  0x00000000086cd000 JavaThread "Attach Listener" daemon [_thread_blocked, id=5412, stack(0x0000000009530000,0x0000000009630000)]
  0x00000000086c9800 JavaThread "Signal Dispatcher" daemon [_thread_blocked, id=4152, stack(0x0000000009430000,0x0000000009530000)]
  0x0000000008699800 JavaThread "Finalizer" daemon [_thread_blocked, id=3176, stack(0x0000000009330000,0x0000000009430000)]
  0x0000000008691000 JavaThread "Reference Handler" daemon [_thread_blocked, id=4512, stack(0x0000000009230000,0x0000000009330000)]
  0x0000000002980800 JavaThread "main" [_thread_in_Java, id=4692, stack(0x0000000002880000,0x0000000002980000)]

Other Threads:
  0x000000000868b800 VMThread [stack: 0x0000000009130000,0x0000000009230000] [id=5524]
  0x00000000086e6800 WatcherThread [stack: 0x0000000009930000,0x0000000009a30000] [id=5208]

VM state:not at safepoint (normal execution)

VM Mutex/Monitor currently owned by a thread: None

Heap
 PSYoungGen      total 28672K, used 11026K [0x00000000eaa80000, 0x00000000eca00000, 0x0000000100000000)
  eden space 25088K, 29% used [0x00000000eaa80000,0x00000000eb1c6008,0x00000000ec300000)
  from space 3584K, 99% used [0x00000000ec300000,0x00000000ec67eaa8,0x00000000ec680000)
  to   space 3584K, 0% used [0x00000000ec680000,0x00000000ec680000,0x00000000eca00000)
 ParOldGen       total 64512K, used 2146K [0x00000000c0000000, 0x00000000c3f00000, 0x00000000eaa80000)
  object space 64512K, 3% used [0x00000000c0000000,0x00000000c02188f8,0x00000000c3f00000)
 PSPermGen       total 21504K, used 5792K [0x00000000bae00000, 0x00000000bc300000, 0x00000000c0000000)
  object space 21504K, 26% used [0x00000000bae00000,0x00000000bb3a8298,0x00000000bc300000)

Card table byte_map: [0x0000000005b40000,0x0000000005d70000] byte_map_base: 0x0000000005569000

Polling page: 0x0000000001050000

Code Cache  [0x0000000002a80000, 0x0000000002cf0000, 0x0000000005a80000)
 total_blobs=469 nmethods=233 adapters=189 free_code_cache=48208Kb largest_free_block=49334720

Compilation events (10 events):
Event: 1.748 Thread 0x00000000086ce800 nmethod 230 0x0000000002b57d10 code [0x0000000002b57e60, 0x0000000002b57ef8]
Event: 1.756 Thread 0x00000000086ce800  231             com.android.dx.util.LabeledList::set (45 bytes)
Event: 1.759 Thread 0x00000000086ce800 nmethod 231 0x0000000002b57690 code [0x0000000002b57800, 0x0000000002b57a58]
Event: 1.765 Thread 0x00000000086ce800  232             com.android.dx.ssa.back.SsaToRop::convertInsns (53 bytes)
Event: 1.769 Thread 0x00000000086ce800 nmethod 232 0x0000000002b5aa50 code [0x0000000002b5abc0, 0x0000000002b5af78]
Event: 1.772 Thread 0x00000000086ce800  233             java.util.Collections$UnmodifiableCollection$1::next (10 bytes)
Event: 1.773 Thread 0x00000000086ce800 nmethod 233 0x0000000002b57150 code [0x0000000002b572c0, 0x0000000002b57428]
Event: 1.774 Thread 0x00000000086ce800  234             com.android.dx.cf.code.Frame::getStack (5 bytes)
Event: 1.774 Thread 0x00000000086ce800 nmethod 234 0x0000000002b56f10 code [0x0000000002b57040, 0x0000000002b57098]
Event: 1.780 Thread 0x00000000086ce800  235   !         com.android.dx.cf.code.Ropper::processBlock (1101 bytes)

GC Heap History (2 events):
Event: 1.376 GC heap before
{Heap before GC invocations=1 (full 0):
 PSYoungGen      total 28672K, used 25088K [0x00000000eaa80000, 0x00000000eca00000, 0x0000000100000000)
  eden space 25088K, 100% used [0x00000000eaa80000,0x00000000ec300000,0x00000000ec300000)
  from space 3584K, 0% used [0x00000000ec680000,0x00000000ec680000,0x00000000eca00000)
  to   space 3584K, 0% used [0x00000000ec300000,0x00000000ec300000,0x00000000ec680000)
 ParOldGen       total 64512K, used 0K [0x00000000c0000000, 0x00000000c3f00000, 0x00000000eaa80000)
  object space 64512K, 0% used [0x00000000c0000000,0x00000000c0000000,0x00000000c3f00000)
 PSPermGen       total 21504K, used 5726K [0x00000000bae00000, 0x00000000bc300000, 0x00000000c0000000)
  object space 21504K, 26% used [0x00000000bae00000,0x00000000bb3978e8,0x00000000bc300000)
Event: 1.384 GC heap after
Heap after GC invocations=1 (full 0):
 PSYoungGen      total 28672K, used 3578K [0x00000000eaa80000, 0x00000000eca00000, 0x0000000100000000)
  eden space 25088K, 0% used [0x00000000eaa80000,0x00000000eaa80000,0x00000000ec300000)
  from space 3584K, 99% used [0x00000000ec300000,0x00000000ec67eaa8,0x00000000ec680000)
  to   space 3584K, 0% used [0x00000000ec680000,0x00000000ec680000,0x00000000eca00000)
 ParOldGen       total 64512K, used 2146K [0x00000000c0000000, 0x00000000c3f00000, 0x00000000eaa80000)
  object space 64512K, 3% used [0x00000000c0000000,0x00000000c02188f8,0x00000000c3f00000)
 PSPermGen       total 21504K, used 5726K [0x00000000bae00000, 0x00000000bc300000, 0x00000000c0000000)
  object space 21504K, 26% used [0x00000000bae00000,0x00000000bb3978e8,0x00000000bc300000)
}

Deoptimization events (6 events):
Event: 0.615 Thread 0x0000000009aea800 Uncommon trap: reason=class_check action=maybe_recompile pc=0x0000000002af5174 method=com.android.dx.ssa.NormalSsaInsn.accept(Lcom/android/dx/ssa/SsaInsn$Visitor;)V @ 9
Event: 0.616 Thread 0x0000000009aea800 Uncommon trap: reason=class_check action=maybe_recompile pc=0x0000000002af5174 method=com.android.dx.ssa.NormalSsaInsn.accept(Lcom/android/dx/ssa/SsaInsn$Visitor;)V @ 9
Event: 0.616 Thread 0x0000000009aea800 Uncommon trap: reason=class_check action=maybe_recompile pc=0x0000000002af5174 method=com.android.dx.ssa.NormalSsaInsn.accept(Lcom/android/dx/ssa/SsaInsn$Visitor;)V @ 9
Event: 0.620 Thread 0x0000000009aea800 Uncommon trap: reason=class_check action=maybe_recompile pc=0x0000000002af5174 method=com.android.dx.ssa.NormalSsaInsn.accept(Lcom/android/dx/ssa/SsaInsn$Visitor;)V @ 9
Event: 1.186 Thread 0x0000000009b23000 Uncommon trap: reason=null_check action=make_not_entrant pc=0x0000000002b2fe40 method=com.android.dx.rop.code.RegisterSpec.equals(Ljava/lang/Object;)Z @ 1
Event: 1.232 Thread 0x0000000009b23000 Uncommon trap: reason=null_check action=make_not_entrant pc=0x0000000002b34580 method=com.android.dx.ssa.SsaRenamer.getLocalForNewReg(I)Lcom/android/dx/rop/code/LocalItem; @ 19

Internal exceptions (10 events):
Event: 0.538 Thread 0x0000000009b23000 Threw 0x00000000eb265d10 at C:\re\jdk7u60\1081\hotspot\src\share\vm\prims\jvm.cpp:1244
Event: 0.541 Thread 0x0000000002980800 Threw 0x00000000eb310768 at C:\re\jdk7u60\1081\hotspot\src\share\vm\prims\jvm.cpp:1244
Event: 0.542 Thread 0x0000000002980800 Threw 0x00000000eb31a380 at C:\re\jdk7u60\1081\hotspot\src\share\vm\prims\jvm.cpp:1244
Event: 0.543 Thread 0x0000000002980800 Threw 0x00000000eb31c4a0 at C:\re\jdk7u60\1081\hotspot\src\share\vm\prims\jvm.cpp:1244
Event: 0.634 Thread 0x0000000009aea800 Threw 0x00000000eb74c690 at C:\re\jdk7u60\1081\hotspot\src\share\vm\prims\jvm.cpp:1244
Event: 0.800 Thread 0x0000000009b24000 Threw 0x00000000eb68b840 at C:\re\jdk7u60\1081\hotspot\src\share\vm\prims\jvm.cpp:1244
Event: 0.860 Thread 0x0000000002980800 Threw 0x00000000eb7da538 at C:\re\jdk7u60\1081\hotspot\src\share\vm\prims\jvm.cpp:1244
Event: 0.862 Thread 0x0000000002980800 Threw 0x00000000eb7dc7b8 at C:\re\jdk7u60\1081\hotspot\src\share\vm\prims\jvm.cpp:1244
Event: 1.186 Thread 0x0000000009b23000 Implicit null exception at 0x0000000002b2f126 to 0x0000000002b2fe15
Event: 1.232 Thread 0x0000000009b23000 Implicit null exception at 0x0000000002b33270 to 0x0000000002b34555

Events (10 events):
Event: 0.911 loading class 0x0000000008773690
Event: 0.911 loading class 0x0000000008773690 done
Event: 1.186 Thread 0x0000000009b23000 Uncommon trap: trap_request=0xfffffff4 fr.pc=0x0000000002b2fe40
Event: 1.186 Thread 0x0000000009b23000 DEOPT PACKING pc=0x0000000002b2fe40 sp=0x000000000a12eb60
Event: 1.186 Thread 0x0000000009b23000 DEOPT UNPACKING pc=0x0000000002ab9064 sp=0x000000000a12ea88 mode 2
Event: 1.232 Thread 0x0000000009b23000 Uncommon trap: trap_request=0xfffffff4 fr.pc=0x0000000002b34580
Event: 1.232 Thread 0x0000000009b23000 DEOPT PACKING pc=0x0000000002b34580 sp=0x000000000a12eb50
Event: 1.232 Thread 0x0000000009b23000 DEOPT UNPACKING pc=0x0000000002ab9064 sp=0x000000000a12e8e8 mode 2
Event: 1.376 Executing VM operation: ParallelGCFailedAllocation
Event: 1.384 Executing VM operation: ParallelGCFailedAllocation done


Dynamic libraries:
0x00007ff7aa420000 - 0x00007ff7aa453000 	C:\Program Files\Java\jdk1.7.0_60\bin\java.exe
0x00007ff8c38a0000 - 0x00007ff8c3a4d000 	C:\Windows\SYSTEM32\ntdll.dll
0x00007ff8c1820000 - 0x00007ff8c195e000 	C:\Windows\system32\KERNEL32.DLL
0x00007ff8c0b00000 - 0x00007ff8c0c15000 	C:\Windows\system32\KERNELBASE.dll
0x00007ff8bf5a0000 - 0x00007ff8bf62e000 	C:\Windows\system32\apphelp.dll
0x00007ff8b71a0000 - 0x00007ff8b71f3000 	C:\Windows\AppPatch\AppPatch64\AcGenral.DLL
0x00007ff8c1290000 - 0x00007ff8c133a000 	C:\Windows\system32\msvcrt.dll
0x00007ff8c0f00000 - 0x00007ff8c0f2e000 	C:\Windows\system32\SspiCli.dll
0x00007ff8c3320000 - 0x00007ff8c3374000 	C:\Windows\system32\SHLWAPI.dll
0x00007ff8c3190000 - 0x00007ff8c3307000 	C:\Windows\system32\USER32.dll
0x00007ff8c1020000 - 0x00007ff8c11b4000 	C:\Windows\system32\ole32.dll
0x00007ff8c1ab0000 - 0x00007ff8c2fda000 	C:\Windows\system32\SHELL32.dll
0x00007ff8bffa0000 - 0x00007ff8bffc1000 	C:\Windows\SYSTEM32\USERENV.dll
0x00007ff8c0f30000 - 0x00007ff8c0fda000 	C:\Windows\system32\ADVAPI32.dll
0x00007ff8bb180000 - 0x00007ff8bb19e000 	C:\Windows\SYSTEM32\MPR.dll
0x00007ff8c3760000 - 0x00007ff8c38a0000 	C:\Windows\system32\RPCRT4.dll
0x00007ff8c11c0000 - 0x00007ff8c1219000 	C:\Windows\SYSTEM32\sechost.dll
0x00007ff8c3540000 - 0x00007ff8c3751000 	C:\Windows\SYSTEM32\combase.dll
0x00007ff8c1960000 - 0x00007ff8c1aaf000 	C:\Windows\system32\GDI32.dll
0x00007ff8c09d0000 - 0x00007ff8c09e5000 	C:\Windows\SYSTEM32\profapi.dll
0x00007ff8bc9b0000 - 0x00007ff8bca62000 	C:\Windows\SYSTEM32\SHCORE.dll
0x00007ff8c0fe0000 - 0x00007ff8c1016000 	C:\Windows\system32\IMM32.DLL
0x00007ff8c16c0000 - 0x00007ff8c1812000 	C:\Windows\system32\MSCTF.dll
0x00007ff8bbf20000 - 0x00007ff8bc19b000 	C:\Windows\WinSxS\amd64_microsoft.windows.common-controls_6595b64144ccf1df_6.0.9600.18006_none_623f33d3ecbe86e8\COMCTL32.dll
0x000000005e080000 - 0x000000005e152000 	C:\Program Files\Java\jdk1.7.0_60\jre\bin\msvcr100.dll
0x000000005e5f0000 - 0x000000005edc2000 	C:\Program Files\Java\jdk1.7.0_60\jre\bin\server\jvm.dll
0x00007ff8bedd0000 - 0x00007ff8bedd9000 	C:\Windows\SYSTEM32\WSOCK32.dll
0x00007ff8bd4e0000 - 0x00007ff8bd502000 	C:\Windows\SYSTEM32\WINMM.dll
0x00007ff8c3530000 - 0x00007ff8c3537000 	C:\Windows\system32\PSAPI.DLL
0x00007ff8c13c0000 - 0x00007ff8c141a000 	C:\Windows\system32\WS2_32.dll
0x00007ff8bd430000 - 0x00007ff8bd45a000 	C:\Windows\SYSTEM32\WINMMBASE.dll
0x00007ff8c1280000 - 0x00007ff8c1289000 	C:\Windows\system32\NSI.dll
0x00007ff8c0e00000 - 0x00007ff8c0e4f000 	C:\Windows\SYSTEM32\cfgmgr32.dll
0x00007ff8bf7f0000 - 0x00007ff8bf818000 	C:\Windows\SYSTEM32\DEVOBJ.dll
0x000000005e500000 - 0x000000005e50f000 	C:\Program Files\Java\jdk1.7.0_60\jre\bin\verify.dll
0x000000005e4d0000 - 0x000000005e4f8000 	C:\Program Files\Java\jdk1.7.0_60\jre\bin\java.dll
0x000000005e4b0000 - 0x000000005e4c5000 	C:\Program Files\Java\jdk1.7.0_60\jre\bin\zip.dll
0x000000005e490000 - 0x000000005e4a9000 	C:\Program Files\Java\jdk1.7.0_60\jre\bin\net.dll
0x00007ff8c0210000 - 0x00007ff8c0269000 	C:\Windows\system32\mswsock.dll
0x000000005e470000 - 0x000000005e481000 	C:\Program Files\Java\jdk1.7.0_60\jre\bin\nio.dll

VM Arguments:
jvm_args: -Djava.awt.headless=true -Xmx1024M -Dfile.encoding=windows-1252 -Duser.country=IN -Duser.language=en -Duser.variant 
java_command: com.android.dx.command.Main --dex --force-jumbo --num-threads=4 --multi-dex --output D:\AUTOSPEC\AutoSpec\app\build\intermediates\transforms\dex\debug\folders\1000\10\picasso-2.5.2_22368cdf4e005ae56673dc222b14a85e132ad1b9 C:\Users\Admin\.gradle\caches\modules-2\files-2.1\com.squareup.picasso\picasso\2.5.2\7446d06ec8d4f7ffcc53f1da37c95f200dcb9387\picasso-2.5.2.jar
Launcher Type: SUN_STANDARD

Environment Variables:
PATH="C:\Program Files\Java\jdk1.7.0_60\bin";"C:\Program Files\Java\jdk1.7.0_60\bin"
USERNAME=Admin
OS=Windows_NT
PROCESSOR_IDENTIFIER=Intel64 Family 6 Model 58 Stepping 9, GenuineIntel



---------------  S Y S T E M  ---------------

OS: Windows 8.1 , 64 bit Build 9600 

CPU:total 2 (2 cores per cpu, 1 threads per core) family 6 model 58 stepping 9, cmov, cx8, fxsr, mmx, sse, sse2, sse3, ssse3, sse4.1, sse4.2, popcnt, erms, tsc, tscinvbit, tscinv

Memory: 4k page, physical 6185000k(857256k free), swap 9330728k(5164k free)

vm_info: Java HotSpot(TM) 64-Bit Server VM (24.60-b09) for windows-amd64 JRE (1.7.0_60-b19), built on May  7 2014 12:55:18 by "java_re" with unknown MS VC++:1600

time: Mon Jun 20 18:35:40 2016
elapsed time: 1 seconds

