#
# There is insufficient memory for the Java Runtime Environment to continue.
# Native memory allocation (malloc) failed to allocate 428080 bytes for Chunk::new
# Possible reasons:
#   The system is out of physical RAM or swap space
#   In 32 bit mode, the process size limit was hit
# Possible solutions:
#   Reduce memory load on the system
#   Increase physical memory or swap space
#   Check if swap backing store is full
#   Use 64 bit Java on a 64 bit OS
#   Decrease Java heap size (-Xmx/-Xms)
#   Decrease number of Java threads
#   Decrease Java thread stack sizes (-Xss)
#   Set larger code cache with -XX:ReservedCodeCacheSize=
# This output file may be truncated or incomplete.
#
#  Out of Memory Error (allocation.cpp:323), pid=4280, tid=1868
#
# JRE version: Java(TM) SE Runtime Environment (7.0_60-b19) (build 1.7.0_60-b19)
# Java VM: Java HotSpot(TM) 64-Bit Server VM (24.60-b09 mixed mode windows-amd64 compressed oops)
# Failed to write core dump. Minidumps are not enabled by default on client versions of Windows
#

---------------  T H R E A D  ---------------

Current thread (0x000000000895e800):  JavaThread "C2 CompilerThread0" daemon [_thread_in_native, id=1868, stack(0x00000000098c0000,0x00000000099c0000)]

Stack: [0x00000000098c0000,0x00000000099c0000]

Current CompileTask:
C2:   1395  195   !         com.android.dx.cf.code.Ropper::processBlock (1101 bytes)


---------------  P R O C E S S  ---------------

Java Threads: ( => current thread )
  0x0000000009d5c000 JavaThread "pool-2-thread-4" [_thread_in_vm, id=2340, stack(0x000000000a4c0000,0x000000000a5c0000)]
  0x0000000009d5b800 JavaThread "pool-2-thread-3" [_thread_in_Java, id=5964, stack(0x000000000a3c0000,0x000000000a4c0000)]
  0x0000000009d56800 JavaThread "pool-2-thread-2" [_thread_in_Java, id=5604, stack(0x000000000a2c0000,0x000000000a3c0000)]
  0x0000000009cca000 JavaThread "pool-3-thread-1" [_thread_blocked, id=5372, stack(0x000000000a1c0000,0x000000000a2c0000)]
  0x0000000009cc9800 JavaThread "pool-2-thread-1" [_thread_in_Java, id=4712, stack(0x000000000a0c0000,0x000000000a1c0000)]
  0x0000000008970000 JavaThread "Service Thread" daemon [_thread_blocked, id=5652, stack(0x0000000009ac0000,0x0000000009bc0000)]
  0x0000000008963800 JavaThread "C2 CompilerThread1" daemon [_thread_in_native, id=5636, stack(0x00000000099c0000,0x0000000009ac0000)]
=>0x000000000895e800 JavaThread "C2 CompilerThread0" daemon [_thread_in_native, id=1868, stack(0x00000000098c0000,0x00000000099c0000)]
  0x000000000895d000 JavaThread "Attach Listener" daemon [_thread_blocked, id=3764, stack(0x00000000097c0000,0x00000000098c0000)]
  0x0000000008959800 JavaThread "Signal Dispatcher" daemon [_thread_blocked, id=5816, stack(0x00000000096c0000,0x00000000097c0000)]
  0x0000000008923800 JavaThread "Finalizer" daemon [_thread_blocked, id=4176, stack(0x00000000095c0000,0x00000000096c0000)]
  0x0000000008921000 JavaThread "Reference Handler" daemon [_thread_blocked, id=5812, stack(0x00000000094c0000,0x00000000095c0000)]
  0x0000000002c10800 JavaThread "main" [_thread_in_vm, id=1460, stack(0x0000000002b10000,0x0000000002c10000)]

Other Threads:
  0x000000000891b800 VMThread [stack: 0x00000000093c0000,0x00000000094c0000] [id=4960]
  0x0000000008979800 WatcherThread [stack: 0x0000000009bc0000,0x0000000009cc0000] [id=140]

VM state:not at safepoint (normal execution)

VM Mutex/Monitor currently owned by a thread:  ([mutex/lock_event])
[0x000000000131bd80] JNIHandleBlockFreeList_lock - owner thread: 0x0000000009d5c000

Heap
 PSYoungGen      total 28672K, used 25088K [0x00000000eaa80000, 0x00000000eca00000, 0x0000000100000000)
  eden space 25088K, 100% used [0x00000000eaa80000,0x00000000ec300000,0x00000000ec300000)
  from space 3584K, 0% used [0x00000000ec680000,0x00000000ec680000,0x00000000eca00000)
  to   space 3584K, 0% used [0x00000000ec300000,0x00000000ec300000,0x00000000ec680000)
 ParOldGen       total 64512K, used 0K [0x00000000c0000000, 0x00000000c3f00000, 0x00000000eaa80000)
  object space 64512K, 0% used [0x00000000c0000000,0x00000000c0000000,0x00000000c3f00000)
 PSPermGen       total 21504K, used 5323K [0x00000000bae00000, 0x00000000bc300000, 0x00000000c0000000)
  object space 21504K, 24% used [0x00000000bae00000,0x00000000bb332da0,0x00000000bc300000)

Card table byte_map: [0x0000000005dd0000,0x0000000006000000] byte_map_base: 0x00000000057f9000

Polling page: 0x00000000012b0000

Code Cache  [0x0000000002d10000, 0x0000000002f80000, 0x0000000005d10000)
 total_blobs=406 nmethods=193 adapters=166 free_code_cache=48370Kb largest_free_block=49499136

Compilation events (10 events):
Event: 1.294 Thread 0x000000000895e800 nmethod 190 0x0000000002dd9ad0 code [0x0000000002dd9d00, 0x0000000002dda540]
Event: 1.294 Thread 0x000000000895e800  191             com.android.dx.dex.code.OutputFinisher::updateInfo (44 bytes)
Event: 1.297 Thread 0x000000000895e800 nmethod 191 0x0000000002dc6510 code [0x0000000002dc6680, 0x0000000002dc6848]
Event: 1.297 Thread 0x000000000895e800  192             com.android.dx.dex.code.OutputFinisher::add (15 bytes)
Event: 1.304 Thread 0x000000000895e800 nmethod 192 0x0000000002dc4390 code [0x0000000002dc4520, 0x0000000002dc48e0]
Event: 1.304 Thread 0x000000000895e800  193             com.android.dx.dex.code.OutputCollector::add (9 bytes)
Event: 1.309 Thread 0x000000000895e800 nmethod 193 0x0000000002dc37d0 code [0x0000000002dc3960, 0x0000000002dc3d60]
Event: 1.309 Thread 0x000000000895e800  194             com.android.dx.cf.code.Frame::getStack (5 bytes)
Event: 1.309 Thread 0x000000000895e800 nmethod 194 0x0000000002db64d0 code [0x0000000002db6600, 0x0000000002db6658]
Event: 1.309 Thread 0x000000000895e800  195   !         com.android.dx.cf.code.Ropper::processBlock (1101 bytes)

GC Heap History (0 events):
No events

Deoptimization events (6 events):
Event: 0.408 Thread 0x0000000002c10800 Uncommon trap: reason=null_check action=make_not_entrant pc=0x0000000002d7cb20 method=com.android.dx.rop.code.LocalItem.equals(Ljava/lang/Object;)Z @ 1
Event: 0.551 Thread 0x0000000009d56800 Uncommon trap: reason=null_check action=make_not_entrant pc=0x0000000002d88698 method=com.android.dx.ssa.SsaRenamer.getLocalForNewReg(I)Lcom/android/dx/rop/code/LocalItem; @ 19
Event: 0.842 Thread 0x0000000009d5b800 Uncommon trap: reason=class_check action=maybe_recompile pc=0x0000000002d99ee0 method=com.android.dx.rop.type.Type.equals(Ljava/lang/Object;)Z @ 8
Event: 0.843 Thread 0x0000000009d5b800 Uncommon trap: reason=class_check action=maybe_recompile pc=0x0000000002d99ee0 method=com.android.dx.rop.type.Type.equals(Ljava/lang/Object;)Z @ 8
Event: 0.912 Thread 0x0000000002c10800 Uncommon trap: reason=class_check action=maybe_recompile pc=0x0000000002d99ee0 method=com.android.dx.rop.type.Type.equals(Ljava/lang/Object;)Z @ 8
Event: 1.041 Thread 0x0000000009cc9800 Uncommon trap: reason=class_check action=maybe_recompile pc=0x0000000002d99ee0 method=com.android.dx.rop.type.Type.equals(Ljava/lang/Object;)Z @ 8

Internal exceptions (10 events):
Event: 0.398 Thread 0x0000000002c10800 Threw 0x00000000eb3b5ab8 at C:\re\jdk7u60\1081\hotspot\src\share\vm\prims\jvm.cpp:1244
Event: 0.399 Thread 0x0000000002c10800 Threw 0x00000000eb3bbaa8 at C:\re\jdk7u60\1081\hotspot\src\share\vm\prims\jvm.cpp:1244
Event: 0.399 Thread 0x0000000002c10800 Threw 0x00000000eb3bff28 at C:\re\jdk7u60\1081\hotspot\src\share\vm\prims\jvm.cpp:1244
Event: 0.400 Thread 0x0000000002c10800 Threw 0x00000000eb3c5710 at C:\re\jdk7u60\1081\hotspot\src\share\vm\prims\jvm.cpp:1244
Event: 0.400 Thread 0x0000000002c10800 Threw 0x00000000eb3cdf70 at C:\re\jdk7u60\1081\hotspot\src\share\vm\prims\jvm.cpp:1244
Event: 0.401 Thread 0x0000000002c10800 Threw 0x00000000eb3d3438 at C:\re\jdk7u60\1081\hotspot\src\share\vm\prims\jvm.cpp:1244
Event: 0.401 Thread 0x0000000009cc9800 Threw 0x00000000eb2639c0 at C:\re\jdk7u60\1081\hotspot\src\share\vm\prims\jvm.cpp:1244
Event: 0.412 Thread 0x0000000002c10800 Threw 0x00000000eb4af038 at C:\re\jdk7u60\1081\hotspot\src\share\vm\prims\jvm.cpp:1244
Event: 0.551 Thread 0x0000000009d56800 Implicit null exception at 0x0000000002d880b4 to 0x0000000002d8867d
Event: 0.911 Thread 0x0000000002c10800 Threw 0x00000000ebcece50 at C:\re\jdk7u60\1081\hotspot\src\share\vm\prims\jvm.cpp:1244

Events (10 events):
Event: 0.912 loading class 0x0000000002c818a0
Event: 0.912 loading class 0x0000000002c818a0 done
Event: 0.912 loading class 0x0000000002c81870
Event: 0.912 loading class 0x0000000002c81870 done
Event: 0.912 Thread 0x0000000002c10800 Uncommon trap: trap_request=0xffffffde fr.pc=0x0000000002d99ee0
Event: 0.912 Thread 0x0000000002c10800 DEOPT PACKING pc=0x0000000002d99ee0 sp=0x0000000002c0e350
Event: 0.912 Thread 0x0000000002c10800 DEOPT UNPACKING pc=0x0000000002d49064 sp=0x0000000002c0e2e8 mode 2
Event: 1.041 Thread 0x0000000009cc9800 Uncommon trap: trap_request=0xffffffde fr.pc=0x0000000002d99ee0
Event: 1.041 Thread 0x0000000009cc9800 DEOPT PACKING pc=0x0000000002d99ee0 sp=0x000000000a1bebc0
Event: 1.041 Thread 0x0000000009cc9800 DEOPT UNPACKING pc=0x0000000002d49064 sp=0x000000000a1beb58 mode 2


Dynamic libraries:
0x00007ff7aa420000 - 0x00007ff7aa453000 	C:\Program Files\Java\jdk1.7.0_60\bin\java.exe
0x00007ff8c38a0000 - 0x00007ff8c3a4d000 	C:\Windows\SYSTEM32\ntdll.dll
0x00007ff8c1820000 - 0x00007ff8c195e000 	C:\Windows\system32\KERNEL32.DLL
0x00007ff8c0b00000 - 0x00007ff8c0c15000 	C:\Windows\system32\KERNELBASE.dll
0x00007ff8bf5a0000 - 0x00007ff8bf62e000 	C:\Windows\system32\apphelp.dll
0x00007ff8b71a0000 - 0x00007ff8b71f3000 	C:\Windows\AppPatch\AppPatch64\AcGenral.DLL
0x00007ff8c1290000 - 0x00007ff8c133a000 	C:\Windows\system32\msvcrt.dll
0x00007ff8c0f00000 - 0x00007ff8c0f2e000 	C:\Windows\system32\SspiCli.dll
0x00007ff8c3320000 - 0x00007ff8c3374000 	C:\Windows\system32\SHLWAPI.dll
0x00007ff8c3190000 - 0x00007ff8c3307000 	C:\Windows\system32\USER32.dll
0x00007ff8c1020000 - 0x00007ff8c11b4000 	C:\Windows\system32\ole32.dll
0x00007ff8c1ab0000 - 0x00007ff8c2fda000 	C:\Windows\system32\SHELL32.dll
0x00007ff8bffa0000 - 0x00007ff8bffc1000 	C:\Windows\SYSTEM32\USERENV.dll
0x00007ff8c0f30000 - 0x00007ff8c0fda000 	C:\Windows\system32\ADVAPI32.dll
0x00007ff8bb180000 - 0x00007ff8bb19e000 	C:\Windows\SYSTEM32\MPR.dll
0x00007ff8c3760000 - 0x00007ff8c38a0000 	C:\Windows\system32\RPCRT4.dll
0x00007ff8c11c0000 - 0x00007ff8c1219000 	C:\Windows\SYSTEM32\sechost.dll
0x00007ff8c3540000 - 0x00007ff8c3751000 	C:\Windows\SYSTEM32\combase.dll
0x00007ff8c1960000 - 0x00007ff8c1aaf000 	C:\Windows\system32\GDI32.dll
0x00007ff8c09d0000 - 0x00007ff8c09e5000 	C:\Windows\SYSTEM32\profapi.dll
0x00007ff8bc9b0000 - 0x00007ff8bca62000 	C:\Windows\SYSTEM32\SHCORE.dll
0x00007ff8c0fe0000 - 0x00007ff8c1016000 	C:\Windows\system32\IMM32.DLL
0x00007ff8c16c0000 - 0x00007ff8c1812000 	C:\Windows\system32\MSCTF.dll
0x00007ff8bbf20000 - 0x00007ff8bc19b000 	C:\Windows\WinSxS\amd64_microsoft.windows.common-controls_6595b64144ccf1df_6.0.9600.18006_none_623f33d3ecbe86e8\COMCTL32.dll
0x000000005e080000 - 0x000000005e152000 	C:\Program Files\Java\jdk1.7.0_60\jre\bin\msvcr100.dll
0x000000005e5f0000 - 0x000000005edc2000 	C:\Program Files\Java\jdk1.7.0_60\jre\bin\server\jvm.dll
0x00007ff8bedd0000 - 0x00007ff8bedd9000 	C:\Windows\SYSTEM32\WSOCK32.dll
0x00007ff8bd4e0000 - 0x00007ff8bd502000 	C:\Windows\SYSTEM32\WINMM.dll
0x00007ff8c3530000 - 0x00007ff8c3537000 	C:\Windows\system32\PSAPI.DLL
0x00007ff8c13c0000 - 0x00007ff8c141a000 	C:\Windows\system32\WS2_32.dll
0x00007ff8bd430000 - 0x00007ff8bd45a000 	C:\Windows\SYSTEM32\WINMMBASE.dll
0x00007ff8c1280000 - 0x00007ff8c1289000 	C:\Windows\system32\NSI.dll
0x00007ff8c0e00000 - 0x00007ff8c0e4f000 	C:\Windows\SYSTEM32\cfgmgr32.dll
0x00007ff8bf7f0000 - 0x00007ff8bf818000 	C:\Windows\SYSTEM32\DEVOBJ.dll
0x000000005e500000 - 0x000000005e50f000 	C:\Program Files\Java\jdk1.7.0_60\jre\bin\verify.dll
0x000000005e4d0000 - 0x000000005e4f8000 	C:\Program Files\Java\jdk1.7.0_60\jre\bin\java.dll
0x000000005e4b0000 - 0x000000005e4c5000 	C:\Program Files\Java\jdk1.7.0_60\jre\bin\zip.dll

VM Arguments:
jvm_args: -Djava.awt.headless=true -Xmx1024M -Dfile.encoding=windows-1252 -Duser.country=IN -Duser.language=en -Duser.variant 
java_command: com.android.dx.command.Main --dex --force-jumbo --num-threads=4 --multi-dex --output D:\AUTOSPEC\AutoSpec\app\build\intermediates\transforms\dex\debug\folders\1000\5\slice_3 D:\AUTOSPEC\AutoSpec\app\build\intermediates\transforms\instantRunSlicer\debug\folders\1\5\slice_3
Launcher Type: SUN_STANDARD

Environment Variables:
PATH="C:\Program Files\Java\jdk1.7.0_60\bin";"C:\Program Files\Java\jdk1.7.0_60\bin"
USERNAME=Admin
OS=Windows_NT
PROCESSOR_IDENTIFIER=Intel64 Family 6 Model 58 Stepping 9, GenuineIntel



---------------  S Y S T E M  ---------------

OS: Windows 8.1 , 64 bit Build 9600 

CPU:total 2 (2 cores per cpu, 1 threads per core) family 6 model 58 stepping 9, cmov, cx8, fxsr, mmx, sse, sse2, sse3, ssse3, sse4.1, sse4.2, popcnt, erms, tsc, tscinvbit, tscinv

Memory: 4k page, physical 6185000k(891484k free), swap 9330728k(9308k free)

vm_info: Java HotSpot(TM) 64-Bit Server VM (24.60-b09) for windows-amd64 JRE (1.7.0_60-b19), built on May  7 2014 12:55:18 by "java_re" with unknown MS VC++:1600

time: Mon Jun 20 18:35:36 2016
elapsed time: 1 seconds

