#
# There is insufficient memory for the Java Runtime Environment to continue.
# Native memory allocation (malloc) failed to allocate 292576 bytes for Chunk::new
# Possible reasons:
#   The system is out of physical RAM or swap space
#   In 32 bit mode, the process size limit was hit
# Possible solutions:
#   Reduce memory load on the system
#   Increase physical memory or swap space
#   Check if swap backing store is full
#   Use 64 bit Java on a 64 bit OS
#   Decrease Java heap size (-Xmx/-Xms)
#   Decrease number of Java threads
#   Decrease Java thread stack sizes (-Xss)
#   Set larger code cache with -XX:ReservedCodeCacheSize=
# This output file may be truncated or incomplete.
#
#  Out of Memory Error (allocation.cpp:323), pid=6104, tid=272
#
# JRE version: Java(TM) SE Runtime Environment (7.0_60-b19) (build 1.7.0_60-b19)
# Java VM: Java HotSpot(TM) 64-Bit Server VM (24.60-b09 mixed mode windows-amd64 compressed oops)
# Failed to write core dump. Minidumps are not enabled by default on client versions of Windows
#

---------------  T H R E A D  ---------------

Current thread (0x00000000082b2800):  JavaThread "C2 CompilerThread1" daemon [_thread_in_native, id=272, stack(0x0000000009300000,0x0000000009400000)]

Stack: [0x0000000009300000,0x0000000009400000]

Current CompileTask:
C2:   1939   88             com.android.dx.ssa.SsaMethod::computeReachability (131 bytes)


---------------  P R O C E S S  ---------------

Java Threads: ( => current thread )
  0x00000000096b5800 JavaThread "pool-3-thread-1" [_thread_blocked, id=5960, stack(0x0000000009b00000,0x0000000009c00000)]
  0x000000000961a800 JavaThread "pool-2-thread-1" [_thread_in_vm, id=5300, stack(0x0000000009a00000,0x0000000009b00000)]
  0x00000000082c0000 JavaThread "Service Thread" daemon [_thread_blocked, id=5908, stack(0x0000000009400000,0x0000000009500000)]
=>0x00000000082b2800 JavaThread "C2 CompilerThread1" daemon [_thread_in_native, id=272, stack(0x0000000009300000,0x0000000009400000)]
  0x00000000082ad800 JavaThread "C2 CompilerThread0" daemon [_thread_blocked, id=5412, stack(0x0000000009200000,0x0000000009300000)]
  0x00000000082ac000 JavaThread "Attach Listener" daemon [_thread_blocked, id=4152, stack(0x0000000009100000,0x0000000009200000)]
  0x00000000082a8800 JavaThread "Signal Dispatcher" daemon [_thread_blocked, id=5396, stack(0x0000000009000000,0x0000000009100000)]
  0x0000000008273800 JavaThread "Finalizer" daemon [_thread_blocked, id=5496, stack(0x0000000008f00000,0x0000000009000000)]
  0x0000000008271000 JavaThread "Reference Handler" daemon [_thread_blocked, id=5196, stack(0x0000000008e00000,0x0000000008f00000)]
  0x0000000002620800 JavaThread "main" [_thread_blocked, id=2008, stack(0x0000000002520000,0x0000000002620000)]

Other Threads:
  0x000000000826b800 VMThread [stack: 0x0000000008d00000,0x0000000008e00000] [id=4964]
  0x00000000082c9000 WatcherThread [stack: 0x0000000009500000,0x0000000009600000] [id=5464]

VM state:not at safepoint (normal execution)

VM Mutex/Monitor currently owned by a thread: None

Heap
 PSYoungGen      total 28672K, used 13372K [0x00000000eaa80000, 0x00000000eca00000, 0x0000000100000000)
  eden space 25088K, 53% used [0x00000000eaa80000,0x00000000eb78f2f0,0x00000000ec300000)
  from space 3584K, 0% used [0x00000000ec680000,0x00000000ec680000,0x00000000eca00000)
  to   space 3584K, 0% used [0x00000000ec300000,0x00000000ec300000,0x00000000ec680000)
 ParOldGen       total 64512K, used 0K [0x00000000c0000000, 0x00000000c3f00000, 0x00000000eaa80000)
  object space 64512K, 0% used [0x00000000c0000000,0x00000000c0000000,0x00000000c3f00000)
 PSPermGen       total 21504K, used 5546K [0x00000000bae00000, 0x00000000bc300000, 0x00000000c0000000)
  object space 21504K, 25% used [0x00000000bae00000,0x00000000bb36ab58,0x00000000bc300000)

Card table byte_map: [0x0000000005720000,0x0000000005950000] byte_map_base: 0x0000000005149000

Polling page: 0x00000000023c0000

Code Cache  [0x0000000002720000, 0x0000000002990000, 0x0000000005720000)
 total_blobs=322 nmethods=87 adapters=188 free_code_cache=48636Kb largest_free_block=49776128

Compilation events (10 events):
Event: 1.920 Thread 0x00000000082ad800 nmethod 83 0x000000000279db10 code [0x000000000279dc60, 0x000000000279dd18]
Event: 1.921 Thread 0x00000000082b2800   84             java.util.ArrayList$Itr::<init> (6 bytes)
Event: 1.922 Thread 0x00000000082b2800 nmethod 84 0x000000000279d8d0 code [0x000000000279da00, 0x000000000279da78]
Event: 1.922 Thread 0x00000000082ad800   85             java.util.ArrayList$Itr::<init> (26 bytes)
Event: 1.922 Thread 0x00000000082ad800 nmethod 85 0x000000000279d690 code [0x000000000279d7c0, 0x000000000279d838]
Event: 1.923 Thread 0x00000000082b2800   86             java.util.ArrayList::iterator (10 bytes)
Event: 1.923 Thread 0x00000000082b2800 nmethod 86 0x000000000279d3d0 code [0x000000000279d520, 0x000000000279d5d8]
Event: 1.925 Thread 0x00000000082ad800   87             java.util.HashMap::indexFor (6 bytes)
Event: 1.925 Thread 0x00000000082ad800 nmethod 87 0x0000000002794f50 code [0x0000000002795080, 0x00000000027950b8]
Event: 1.927 Thread 0x00000000082b2800   88             com.android.dx.ssa.SsaMethod::computeReachability (131 bytes)

GC Heap History (0 events):
No events

Deoptimization events (1 events):
Event: 0.906 Thread 0x000000000961a800 Uncommon trap: reason=null_check action=make_not_entrant pc=0x00000000027924ac method=com.android.dx.rop.code.LocalItem.equals(Ljava/lang/Object;)Z @ 1

Internal exceptions (10 events):
Event: 0.625 Thread 0x000000000961a800 Threw 0x00000000eb2194f8 at C:\re\jdk7u60\1081\hotspot\src\share\vm\prims\jvm.cpp:1244
Event: 0.626 Thread 0x000000000961a800 Threw 0x00000000eb2222e8 at C:\re\jdk7u60\1081\hotspot\src\share\vm\prims\jvm.cpp:1244
Event: 0.626 Thread 0x000000000961a800 Threw 0x00000000eb226448 at C:\re\jdk7u60\1081\hotspot\src\share\vm\prims\jvm.cpp:1244
Event: 0.641 Thread 0x000000000961a800 Threw 0x00000000eb2d7cb0 at C:\re\jdk7u60\1081\hotspot\src\share\vm\prims\jvm.cpp:1244
Event: 0.648 Thread 0x000000000961a800 Threw 0x00000000eb2e3cf8 at C:\re\jdk7u60\1081\hotspot\src\share\vm\prims\jvm.cpp:1244
Event: 0.877 Thread 0x000000000961a800 Threw 0x00000000eb32b528 at C:\re\jdk7u60\1081\hotspot\src\share\vm\prims\jvm.cpp:1244
Event: 0.885 Thread 0x000000000961a800 Threw 0x00000000eb32ebd8 at C:\re\jdk7u60\1081\hotspot\src\share\vm\prims\jvm.cpp:1244
Event: 0.888 Thread 0x000000000961a800 Threw 0x00000000eb33d430 at C:\re\jdk7u60\1081\hotspot\src\share\vm\prims\jvm.cpp:1244
Event: 0.906 Thread 0x000000000961a800 Implicit null exception at 0x0000000002792131 to 0x0000000002792489
Event: 1.091 Thread 0x000000000961a800 Threw 0x00000000eb575088 at C:\re\jdk7u60\1081\hotspot\src\share\vm\prims\jvm.cpp:1244

Events (10 events):
Event: 0.893 Thread 0x00000000096b7000 Thread exited: 0x00000000096b7000
Event: 0.906 Thread 0x000000000961a800 Uncommon trap: trap_request=0xfffffff4 fr.pc=0x00000000027924ac
Event: 0.906 Thread 0x000000000961a800 DEOPT PACKING pc=0x00000000027924ac sp=0x0000000009afe6c0
Event: 0.906 Thread 0x000000000961a800 DEOPT UNPACKING pc=0x0000000002759064 sp=0x0000000009afe600 mode 2
Event: 0.941 Thread 0x00000000096b6000 Thread exited: 0x00000000096b6000
Event: 1.091 loading class 0x000000000965c210
Event: 1.091 loading class 0x000000000965c210 done
Event: 1.414 Thread 0x0000000009710800 Thread exited: 0x0000000009710800
Event: 1.921 loading class 0x0000000002690a80
Event: 1.921 loading class 0x0000000002690a80 done


Dynamic libraries:
0x00007ff7aa420000 - 0x00007ff7aa453000 	C:\Program Files\Java\jdk1.7.0_60\bin\java.exe
0x00007ff8c38a0000 - 0x00007ff8c3a4d000 	C:\Windows\SYSTEM32\ntdll.dll
0x00007ff8c1820000 - 0x00007ff8c195e000 	C:\Windows\system32\KERNEL32.DLL
0x00007ff8c0b00000 - 0x00007ff8c0c15000 	C:\Windows\system32\KERNELBASE.dll
0x00007ff8bf5a0000 - 0x00007ff8bf62e000 	C:\Windows\system32\apphelp.dll
0x00007ff8b71a0000 - 0x00007ff8b71f3000 	C:\Windows\AppPatch\AppPatch64\AcGenral.DLL
0x00007ff8c1290000 - 0x00007ff8c133a000 	C:\Windows\system32\msvcrt.dll
0x00007ff8c0f00000 - 0x00007ff8c0f2e000 	C:\Windows\system32\SspiCli.dll
0x00007ff8c3320000 - 0x00007ff8c3374000 	C:\Windows\system32\SHLWAPI.dll
0x00007ff8c3190000 - 0x00007ff8c3307000 	C:\Windows\system32\USER32.dll
0x00007ff8c1020000 - 0x00007ff8c11b4000 	C:\Windows\system32\ole32.dll
0x00007ff8c1ab0000 - 0x00007ff8c2fda000 	C:\Windows\system32\SHELL32.dll
0x00007ff8bffa0000 - 0x00007ff8bffc1000 	C:\Windows\SYSTEM32\USERENV.dll
0x00007ff8c0f30000 - 0x00007ff8c0fda000 	C:\Windows\system32\ADVAPI32.dll
0x00007ff8bb180000 - 0x00007ff8bb19e000 	C:\Windows\SYSTEM32\MPR.dll
0x00007ff8c3760000 - 0x00007ff8c38a0000 	C:\Windows\system32\RPCRT4.dll
0x00007ff8c11c0000 - 0x00007ff8c1219000 	C:\Windows\SYSTEM32\sechost.dll
0x00007ff8c3540000 - 0x00007ff8c3751000 	C:\Windows\SYSTEM32\combase.dll
0x00007ff8c1960000 - 0x00007ff8c1aaf000 	C:\Windows\system32\GDI32.dll
0x00007ff8c09d0000 - 0x00007ff8c09e5000 	C:\Windows\SYSTEM32\profapi.dll
0x00007ff8bc9b0000 - 0x00007ff8bca62000 	C:\Windows\SYSTEM32\SHCORE.dll
0x00007ff8c0fe0000 - 0x00007ff8c1016000 	C:\Windows\system32\IMM32.DLL
0x00007ff8c16c0000 - 0x00007ff8c1812000 	C:\Windows\system32\MSCTF.dll
0x00007ff8bbf20000 - 0x00007ff8bc19b000 	C:\Windows\WinSxS\amd64_microsoft.windows.common-controls_6595b64144ccf1df_6.0.9600.18006_none_623f33d3ecbe86e8\COMCTL32.dll
0x000000005e080000 - 0x000000005e152000 	C:\Program Files\Java\jdk1.7.0_60\jre\bin\msvcr100.dll
0x000000005e5f0000 - 0x000000005edc2000 	C:\Program Files\Java\jdk1.7.0_60\jre\bin\server\jvm.dll
0x00007ff8bedd0000 - 0x00007ff8bedd9000 	C:\Windows\SYSTEM32\WSOCK32.dll
0x00007ff8bd4e0000 - 0x00007ff8bd502000 	C:\Windows\SYSTEM32\WINMM.dll
0x00007ff8c3530000 - 0x00007ff8c3537000 	C:\Windows\system32\PSAPI.DLL
0x00007ff8c13c0000 - 0x00007ff8c141a000 	C:\Windows\system32\WS2_32.dll
0x00007ff8bd430000 - 0x00007ff8bd45a000 	C:\Windows\SYSTEM32\WINMMBASE.dll
0x00007ff8c1280000 - 0x00007ff8c1289000 	C:\Windows\system32\NSI.dll
0x00007ff8c0e00000 - 0x00007ff8c0e4f000 	C:\Windows\SYSTEM32\cfgmgr32.dll
0x00007ff8bf7f0000 - 0x00007ff8bf818000 	C:\Windows\SYSTEM32\DEVOBJ.dll
0x000000005e500000 - 0x000000005e50f000 	C:\Program Files\Java\jdk1.7.0_60\jre\bin\verify.dll
0x000000005e4d0000 - 0x000000005e4f8000 	C:\Program Files\Java\jdk1.7.0_60\jre\bin\java.dll
0x000000005e4b0000 - 0x000000005e4c5000 	C:\Program Files\Java\jdk1.7.0_60\jre\bin\zip.dll
0x000000005e490000 - 0x000000005e4a9000 	C:\Program Files\Java\jdk1.7.0_60\jre\bin\net.dll
0x00007ff8c0210000 - 0x00007ff8c0269000 	C:\Windows\system32\mswsock.dll
0x000000005e470000 - 0x000000005e481000 	C:\Program Files\Java\jdk1.7.0_60\jre\bin\nio.dll

VM Arguments:
jvm_args: -Djava.awt.headless=true -Xmx1024M -Dfile.encoding=windows-1252 -Duser.country=IN -Duser.language=en -Duser.variant 
java_command: com.android.dx.command.Main --dex --force-jumbo --num-threads=4 --multi-dex --output D:\AUTOSPEC\AutoSpec\app\build\intermediates\transforms\dex\debug\folders\1000\10\com.github.gcacace-signature-pad-1.1.0_bc994fea2807b4d396a0306806e540bcb2708aaa D:\AUTOSPEC\AutoSpec\app\build\intermediates\exploded-aar\com.github.gcacace\signature-pad\1.1.0\jars\classes.jar
Launcher Type: SUN_STANDARD

Environment Variables:
PATH="C:\Program Files\Java\jdk1.7.0_60\bin";"C:\Program Files\Java\jdk1.7.0_60\bin"
USERNAME=Admin
OS=Windows_NT
PROCESSOR_IDENTIFIER=Intel64 Family 6 Model 58 Stepping 9, GenuineIntel



---------------  S Y S T E M  ---------------

OS: Windows 8.1 , 64 bit Build 9600 

CPU:total 2 (2 cores per cpu, 1 threads per core) family 6 model 58 stepping 9, cmov, cx8, fxsr, mmx, sse, sse2, sse3, ssse3, sse4.1, sse4.2, popcnt, erms, tsc, tscinvbit, tscinv

Memory: 4k page, physical 6185000k(867048k free), swap 9330728k(5220k free)

vm_info: Java HotSpot(TM) 64-Bit Server VM (24.60-b09) for windows-amd64 JRE (1.7.0_60-b19), built on May  7 2014 12:55:18 by "java_re" with unknown MS VC++:1600

time: Mon Jun 20 18:35:28 2016
elapsed time: 1 seconds

