#
# There is insufficient memory for the Java Runtime Environment to continue.
# Native memory allocation (malloc) failed to allocate 2200896 bytes for Chunk::new
# Possible reasons:
#   The system is out of physical RAM or swap space
#   In 32 bit mode, the process size limit was hit
# Possible solutions:
#   Reduce memory load on the system
#   Increase physical memory or swap space
#   Check if swap backing store is full
#   Use 64 bit Java on a 64 bit OS
#   Decrease Java heap size (-Xmx/-Xms)
#   Decrease number of Java threads
#   Decrease Java thread stack sizes (-Xss)
#   Set larger code cache with -XX:ReservedCodeCacheSize=
# This output file may be truncated or incomplete.
#
#  Out of Memory Error (allocation.cpp:323), pid=2896, tid=2256
#
# JRE version: Java(TM) SE Runtime Environment (7.0_60-b19) (build 1.7.0_60-b19)
# Java VM: Java HotSpot(TM) 64-Bit Server VM (24.60-b09 mixed mode windows-amd64 compressed oops)
# Failed to write core dump. Minidumps are not enabled by default on client versions of Windows
#

---------------  T H R E A D  ---------------

Current thread (0x0000000007f3c000):  JavaThread "C2 CompilerThread1" daemon [_thread_in_native, id=2256, stack(0x0000000008f90000,0x0000000009090000)]

Stack: [0x0000000008f90000,0x0000000009090000]

Current CompileTask:
C2:   1304  192             com.android.dx.ssa.SCCP::run (298 bytes)


---------------  P R O C E S S  ---------------

Java Threads: ( => current thread )
  0x000000000933b000 JavaThread "pool-2-thread-4" [_thread_blocked, id=2948, stack(0x0000000009a90000,0x0000000009b90000)]
  0x0000000009336000 JavaThread "pool-2-thread-3" [_thread_blocked, id=1620, stack(0x0000000009990000,0x0000000009a90000)]
  0x0000000009333800 JavaThread "pool-2-thread-2" [_thread_blocked, id=5492, stack(0x0000000009890000,0x0000000009990000)]
  0x0000000009385000 JavaThread "pool-3-thread-1" [_thread_blocked, id=4916, stack(0x0000000009790000,0x0000000009890000)]
  0x0000000007f85000 JavaThread "pool-2-thread-1" [_thread_in_vm, id=3036, stack(0x0000000009690000,0x0000000009790000)]
  0x0000000007f40000 JavaThread "Service Thread" daemon [_thread_blocked, id=5572, stack(0x0000000009090000,0x0000000009190000)]
=>0x0000000007f3c000 JavaThread "C2 CompilerThread1" daemon [_thread_in_native, id=2256, stack(0x0000000008f90000,0x0000000009090000)]
  0x0000000007f2e800 JavaThread "C2 CompilerThread0" daemon [_thread_in_native, id=3432, stack(0x0000000008e90000,0x0000000008f90000)]
  0x0000000007f2d000 JavaThread "Attach Listener" daemon [_thread_blocked, id=1604, stack(0x0000000008d90000,0x0000000008e90000)]
  0x0000000007f29800 JavaThread "Signal Dispatcher" daemon [_thread_blocked, id=1432, stack(0x0000000008c90000,0x0000000008d90000)]
  0x0000000007ef9000 JavaThread "Finalizer" daemon [_thread_blocked, id=2728, stack(0x0000000008b90000,0x0000000008c90000)]
  0x0000000007ef1000 JavaThread "Reference Handler" daemon [_thread_blocked, id=1728, stack(0x0000000008a90000,0x0000000008b90000)]
  0x00000000021e0800 JavaThread "main" [_thread_blocked, id=4136, stack(0x00000000020e0000,0x00000000021e0000)]

Other Threads:
  0x0000000007eeb800 VMThread [stack: 0x0000000008990000,0x0000000008a90000] [id=1020]
  0x0000000007f49800 WatcherThread [stack: 0x0000000009190000,0x0000000009290000] [id=1884]

VM state:not at safepoint (normal execution)

VM Mutex/Monitor currently owned by a thread: None

Heap
 PSYoungGen      total 28672K, used 6072K [0x00000000eaa80000, 0x00000000eca00000, 0x0000000100000000)
  eden space 25088K, 9% used [0x00000000eaa80000,0x00000000eacf2158,0x00000000ec300000)
  from space 3584K, 99% used [0x00000000ec300000,0x00000000ec67c028,0x00000000ec680000)
  to   space 3584K, 0% used [0x00000000ec680000,0x00000000ec680000,0x00000000eca00000)
 ParOldGen       total 64512K, used 1688K [0x00000000c0000000, 0x00000000c3f00000, 0x00000000eaa80000)
  object space 64512K, 2% used [0x00000000c0000000,0x00000000c01a61c8,0x00000000c3f00000)
 PSPermGen       total 21504K, used 5334K [0x00000000bae00000, 0x00000000bc300000, 0x00000000c0000000)
  object space 21504K, 24% used [0x00000000bae00000,0x00000000bb3358e0,0x00000000bc300000)

Card table byte_map: [0x00000000053a0000,0x00000000055d0000] byte_map_base: 0x0000000004dc9000

Polling page: 0x00000000008a0000

Code Cache  [0x00000000022e0000, 0x0000000002550000, 0x00000000052e0000)
 total_blobs=414 nmethods=201 adapters=166 free_code_cache=48304Kb largest_free_block=49425408

Compilation events (10 events):
Event: 1.234 Thread 0x0000000007f2e800 nmethod 198 0x00000000023a3890 code [0x00000000023a39e0, 0x00000000023a3bf8]
Event: 1.234 Thread 0x0000000007f2e800  199             com.android.dx.ssa.DeadCodeRemover::pruneDeadInstructions (246 bytes)
Event: 1.247 Thread 0x0000000007f2e800 nmethod 199 0x00000000023ae550 code [0x00000000023ae780, 0x00000000023aefc0]
Event: 1.250 Thread 0x0000000007f2e800  200             com.android.dx.rop.type.Type::getDescriptor (5 bytes)
Event: 1.251 Thread 0x0000000007f2e800 nmethod 200 0x0000000002394790 code [0x00000000023948c0, 0x0000000002394918]
Event: 1.253 Thread 0x0000000007f2e800  201             com.android.dx.util.IntList::indexOf (16 bytes)
Event: 1.256 Thread 0x0000000007f2e800 nmethod 201 0x00000000023942d0 code [0x0000000002394420, 0x00000000023945d8]
Event: 1.257 Thread 0x0000000007f2e800  202             com.android.dx.ssa.back.IdenticalBlockCombiner::process (323 bytes)
Event: 1.283 Thread 0x0000000007f2e800 nmethod 202 0x00000000023b9b50 code [0x00000000023b9e00, 0x00000000023bb3d8]
Event: 1.286 Thread 0x0000000007f2e800  203   !         com.android.dx.cf.code.Ropper::processBlock (1101 bytes)

GC Heap History (2 events):
Event: 1.143 GC heap before
{Heap before GC invocations=1 (full 0):
 PSYoungGen      total 28672K, used 25088K [0x00000000eaa80000, 0x00000000eca00000, 0x0000000100000000)
  eden space 25088K, 100% used [0x00000000eaa80000,0x00000000ec300000,0x00000000ec300000)
  from space 3584K, 0% used [0x00000000ec680000,0x00000000ec680000,0x00000000eca00000)
  to   space 3584K, 0% used [0x00000000ec300000,0x00000000ec300000,0x00000000ec680000)
 ParOldGen       total 64512K, used 0K [0x00000000c0000000, 0x00000000c3f00000, 0x00000000eaa80000)
  object space 64512K, 0% used [0x00000000c0000000,0x00000000c0000000,0x00000000c3f00000)
 PSPermGen       total 21504K, used 5327K [0x00000000bae00000, 0x00000000bc300000, 0x00000000c0000000)
  object space 21504K, 24% used [0x00000000bae00000,0x00000000bb333f78,0x00000000bc300000)
Event: 1.152 GC heap after
Heap after GC invocations=1 (full 0):
 PSYoungGen      total 28672K, used 3568K [0x00000000eaa80000, 0x00000000eca00000, 0x0000000100000000)
  eden space 25088K, 0% used [0x00000000eaa80000,0x00000000eaa80000,0x00000000ec300000)
  from space 3584K, 99% used [0x00000000ec300000,0x00000000ec67c028,0x00000000ec680000)
  to   space 3584K, 0% used [0x00000000ec680000,0x00000000ec680000,0x00000000eca00000)
 ParOldGen       total 64512K, used 1688K [0x00000000c0000000, 0x00000000c3f00000, 0x00000000eaa80000)
  object space 64512K, 2% used [0x00000000c0000000,0x00000000c01a61c8,0x00000000c3f00000)
 PSPermGen       total 21504K, used 5327K [0x00000000bae00000, 0x00000000bc300000, 0x00000000c0000000)
  object space 21504K, 24% used [0x00000000bae00000,0x00000000bb333f78,0x00000000bc300000)
}

Deoptimization events (6 events):
Event: 0.503 Thread 0x0000000009336000 Uncommon trap: reason=null_check action=make_not_entrant pc=0x000000000235425c method=com.android.dx.rop.code.LocalItem.equals(Ljava/lang/Object;)Z @ 1
Event: 0.584 Thread 0x0000000007f85000 Uncommon trap: reason=class_check action=maybe_recompile pc=0x000000000234c018 method=com.android.dx.ssa.NormalSsaInsn.accept(Lcom/android/dx/ssa/SsaInsn$Visitor;)V @ 9
Event: 0.585 Thread 0x0000000007f85000 Uncommon trap: reason=class_check action=maybe_recompile pc=0x000000000234c018 method=com.android.dx.ssa.NormalSsaInsn.accept(Lcom/android/dx/ssa/SsaInsn$Visitor;)V @ 9
Event: 0.586 Thread 0x0000000007f85000 Uncommon trap: reason=class_check action=maybe_recompile pc=0x000000000234c018 method=com.android.dx.ssa.NormalSsaInsn.accept(Lcom/android/dx/ssa/SsaInsn$Visitor;)V @ 9
Event: 0.589 Thread 0x0000000007f85000 Uncommon trap: reason=class_check action=maybe_recompile pc=0x000000000234c018 method=com.android.dx.ssa.NormalSsaInsn.accept(Lcom/android/dx/ssa/SsaInsn$Visitor;)V @ 9
Event: 0.614 Thread 0x0000000007f85000 Uncommon trap: reason=null_check action=make_not_entrant pc=0x000000000236882c method=com.android.dx.ssa.SsaRenamer.getLocalForNewReg(I)Lcom/android/dx/rop/code/LocalItem; @ 19

Internal exceptions (10 events):
Event: 0.426 Thread 0x0000000007f85000 Threw 0x00000000eb1cf1d8 at C:\re\jdk7u60\1081\hotspot\src\share\vm\prims\jvm.cpp:1244
Event: 0.427 Thread 0x0000000007f85000 Threw 0x00000000eb1d1d78 at C:\re\jdk7u60\1081\hotspot\src\share\vm\prims\jvm.cpp:1244
Event: 0.438 Thread 0x0000000009333800 Threw 0x00000000eb46c3c0 at C:\re\jdk7u60\1081\hotspot\src\share\vm\prims\jvm.cpp:1244
Event: 0.449 Thread 0x000000000933b000 Threw 0x00000000eb50c978 at C:\re\jdk7u60\1081\hotspot\src\share\vm\prims\jvm.cpp:1244
Event: 0.471 Thread 0x0000000009336000 Threw 0x00000000eb2a48b8 at C:\re\jdk7u60\1081\hotspot\src\share\vm\prims\jvm.cpp:1244
Event: 0.472 Thread 0x0000000009336000 Threw 0x00000000eb2a7448 at C:\re\jdk7u60\1081\hotspot\src\share\vm\prims\jvm.cpp:1244
Event: 0.474 Thread 0x0000000009336000 Threw 0x00000000eb2af498 at C:\re\jdk7u60\1081\hotspot\src\share\vm\prims\jvm.cpp:1244
Event: 0.503 Thread 0x0000000009336000 Implicit null exception at 0x0000000002353f01 to 0x0000000002354241
Event: 0.573 Thread 0x0000000007f85000 Threw 0x00000000eb4442a8 at C:\re\jdk7u60\1081\hotspot\src\share\vm\prims\jvm.cpp:1244
Event: 0.614 Thread 0x0000000007f85000 Implicit null exception at 0x0000000002367d60 to 0x0000000002368811

Events (10 events):
Event: 0.589 Thread 0x0000000007f85000 Uncommon trap: trap_request=0xffffffde fr.pc=0x000000000234c018
Event: 0.589 Thread 0x0000000007f85000 DEOPT PACKING pc=0x000000000234c018 sp=0x000000000978ecd0
Event: 0.589 Thread 0x0000000007f85000 DEOPT UNPACKING pc=0x0000000002319064 sp=0x000000000978ec20 mode 2
Event: 0.614 Thread 0x0000000007f85000 Uncommon trap: trap_request=0xfffffff4 fr.pc=0x000000000236882c
Event: 0.614 Thread 0x0000000007f85000 DEOPT PACKING pc=0x000000000236882c sp=0x000000000978ec30
Event: 0.614 Thread 0x0000000007f85000 DEOPT UNPACKING pc=0x0000000002319064 sp=0x000000000978ea28 mode 2
Event: 1.143 Executing VM operation: ParallelGCFailedAllocation
Event: 1.152 Executing VM operation: ParallelGCFailedAllocation done
Event: 1.248 loading class 0x0000000002249680
Event: 1.248 loading class 0x0000000002249680 done


Dynamic libraries:
0x00007ff7aa420000 - 0x00007ff7aa453000 	C:\Program Files\Java\jdk1.7.0_60\bin\java.exe
0x00007ff8c38a0000 - 0x00007ff8c3a4d000 	C:\Windows\SYSTEM32\ntdll.dll
0x00007ff8c1820000 - 0x00007ff8c195e000 	C:\Windows\system32\KERNEL32.DLL
0x00007ff8c0b00000 - 0x00007ff8c0c15000 	C:\Windows\system32\KERNELBASE.dll
0x00007ff8bf5a0000 - 0x00007ff8bf62e000 	C:\Windows\system32\apphelp.dll
0x00007ff8b71a0000 - 0x00007ff8b71f3000 	C:\Windows\AppPatch\AppPatch64\AcGenral.DLL
0x00007ff8c1290000 - 0x00007ff8c133a000 	C:\Windows\system32\msvcrt.dll
0x00007ff8c0f00000 - 0x00007ff8c0f2e000 	C:\Windows\system32\SspiCli.dll
0x00007ff8c3320000 - 0x00007ff8c3374000 	C:\Windows\system32\SHLWAPI.dll
0x00007ff8c3190000 - 0x00007ff8c3307000 	C:\Windows\system32\USER32.dll
0x00007ff8c1020000 - 0x00007ff8c11b4000 	C:\Windows\system32\ole32.dll
0x00007ff8c1ab0000 - 0x00007ff8c2fda000 	C:\Windows\system32\SHELL32.dll
0x00007ff8bffa0000 - 0x00007ff8bffc1000 	C:\Windows\SYSTEM32\USERENV.dll
0x00007ff8c0f30000 - 0x00007ff8c0fda000 	C:\Windows\system32\ADVAPI32.dll
0x00007ff8bb180000 - 0x00007ff8bb19e000 	C:\Windows\SYSTEM32\MPR.dll
0x00007ff8c3760000 - 0x00007ff8c38a0000 	C:\Windows\system32\RPCRT4.dll
0x00007ff8c11c0000 - 0x00007ff8c1219000 	C:\Windows\SYSTEM32\sechost.dll
0x00007ff8c3540000 - 0x00007ff8c3751000 	C:\Windows\SYSTEM32\combase.dll
0x00007ff8c1960000 - 0x00007ff8c1aaf000 	C:\Windows\system32\GDI32.dll
0x00007ff8c09d0000 - 0x00007ff8c09e5000 	C:\Windows\SYSTEM32\profapi.dll
0x00007ff8bc9b0000 - 0x00007ff8bca62000 	C:\Windows\SYSTEM32\SHCORE.dll
0x00007ff8c0fe0000 - 0x00007ff8c1016000 	C:\Windows\system32\IMM32.DLL
0x00007ff8c16c0000 - 0x00007ff8c1812000 	C:\Windows\system32\MSCTF.dll
0x00007ff8bbf20000 - 0x00007ff8bc19b000 	C:\Windows\WinSxS\amd64_microsoft.windows.common-controls_6595b64144ccf1df_6.0.9600.18006_none_623f33d3ecbe86e8\COMCTL32.dll
0x000000005e080000 - 0x000000005e152000 	C:\Program Files\Java\jdk1.7.0_60\jre\bin\msvcr100.dll
0x000000005e5f0000 - 0x000000005edc2000 	C:\Program Files\Java\jdk1.7.0_60\jre\bin\server\jvm.dll
0x00007ff8bedd0000 - 0x00007ff8bedd9000 	C:\Windows\SYSTEM32\WSOCK32.dll
0x00007ff8bd4e0000 - 0x00007ff8bd502000 	C:\Windows\SYSTEM32\WINMM.dll
0x00007ff8c3530000 - 0x00007ff8c3537000 	C:\Windows\system32\PSAPI.DLL
0x00007ff8c13c0000 - 0x00007ff8c141a000 	C:\Windows\system32\WS2_32.dll
0x00007ff8bd430000 - 0x00007ff8bd45a000 	C:\Windows\SYSTEM32\WINMMBASE.dll
0x00007ff8c1280000 - 0x00007ff8c1289000 	C:\Windows\system32\NSI.dll
0x00007ff8c0e00000 - 0x00007ff8c0e4f000 	C:\Windows\SYSTEM32\cfgmgr32.dll
0x00007ff8bf7f0000 - 0x00007ff8bf818000 	C:\Windows\SYSTEM32\DEVOBJ.dll
0x000000005e500000 - 0x000000005e50f000 	C:\Program Files\Java\jdk1.7.0_60\jre\bin\verify.dll
0x000000005e4d0000 - 0x000000005e4f8000 	C:\Program Files\Java\jdk1.7.0_60\jre\bin\java.dll
0x000000005e4b0000 - 0x000000005e4c5000 	C:\Program Files\Java\jdk1.7.0_60\jre\bin\zip.dll

VM Arguments:
jvm_args: -Djava.awt.headless=true -Xmx1024M -Dfile.encoding=windows-1252 -Duser.country=IN -Duser.language=en -Duser.variant 
java_command: com.android.dx.command.Main --dex --force-jumbo --num-threads=4 --multi-dex --output D:\AUTOSPEC\AutoSpec\app\build\intermediates\transforms\dex\debug\folders\1000\5\slice_9 D:\AUTOSPEC\AutoSpec\app\build\intermediates\transforms\instantRunSlicer\debug\folders\1\5\slice_9
Launcher Type: SUN_STANDARD

Environment Variables:
PATH="C:\Program Files\Java\jdk1.7.0_60\bin";"C:\Program Files\Java\jdk1.7.0_60\bin"
USERNAME=Admin
OS=Windows_NT
PROCESSOR_IDENTIFIER=Intel64 Family 6 Model 58 Stepping 9, GenuineIntel



---------------  S Y S T E M  ---------------

OS: Windows 8.1 , 64 bit Build 9600 

CPU:total 2 (2 cores per cpu, 1 threads per core) family 6 model 58 stepping 9, cmov, cx8, fxsr, mmx, sse, sse2, sse3, ssse3, sse4.1, sse4.2, popcnt, erms, tsc, tscinvbit, tscinv

Memory: 4k page, physical 6185000k(866336k free), swap 9330728k(5780k free)

vm_info: Java HotSpot(TM) 64-Bit Server VM (24.60-b09) for windows-amd64 JRE (1.7.0_60-b19), built on May  7 2014 12:55:18 by "java_re" with unknown MS VC++:1600

time: Mon Jun 20 18:35:16 2016
elapsed time: 1 seconds

