#
# There is insufficient memory for the Java Runtime Environment to continue.
# Native memory allocation (malloc) failed to allocate 526528 bytes for Chunk::new
# Possible reasons:
#   The system is out of physical RAM or swap space
#   In 32 bit mode, the process size limit was hit
# Possible solutions:
#   Reduce memory load on the system
#   Increase physical memory or swap space
#   Check if swap backing store is full
#   Use 64 bit Java on a 64 bit OS
#   Decrease Java heap size (-Xmx/-Xms)
#   Decrease number of Java threads
#   Decrease Java thread stack sizes (-Xss)
#   Set larger code cache with -XX:ReservedCodeCacheSize=
# This output file may be truncated or incomplete.
#
#  Out of Memory Error (allocation.cpp:323), pid=2572, tid=5716
#
# JRE version: Java(TM) SE Runtime Environment (7.0_60-b19) (build 1.7.0_60-b19)
# Java VM: Java HotSpot(TM) 64-Bit Server VM (24.60-b09 mixed mode windows-amd64 compressed oops)
# Failed to write core dump. Minidumps are not enabled by default on client versions of Windows
#

---------------  T H R E A D  ---------------

Current thread (0x0000000007fcc000):  JavaThread "C2 CompilerThread1" daemon [_thread_in_native, id=5716, stack(0x0000000009020000,0x0000000009120000)]

Stack: [0x0000000009020000,0x0000000009120000]

Current CompileTask:
C2:   5105  333   !         com.android.dx.cf.code.RopperMachine::run (1550 bytes)


---------------  P R O C E S S  ---------------

Java Threads: ( => current thread )
  0x00000000093b7800 JavaThread "pool-2-thread-4" [_thread_in_vm, id=1104, stack(0x0000000009b20000,0x0000000009c20000)]
  0x00000000093b7000 JavaThread "pool-2-thread-3" [_thread_in_Java, id=5544, stack(0x0000000009a20000,0x0000000009b20000)]
  0x00000000093b6000 JavaThread "pool-2-thread-2" [_thread_blocked, id=5280, stack(0x0000000009920000,0x0000000009a20000)]
  0x0000000009360000 JavaThread "pool-3-thread-1" [_thread_blocked, id=2432, stack(0x0000000009820000,0x0000000009920000)]
  0x0000000007fe6000 JavaThread "pool-2-thread-1" [_thread_blocked, id=4156, stack(0x0000000009720000,0x0000000009820000)]
  0x0000000007fcc800 JavaThread "Service Thread" daemon [_thread_blocked, id=6060, stack(0x0000000009120000,0x0000000009220000)]
=>0x0000000007fcc000 JavaThread "C2 CompilerThread1" daemon [_thread_in_native, id=5716, stack(0x0000000009020000,0x0000000009120000)]
  0x0000000007fbd800 JavaThread "C2 CompilerThread0" daemon [_thread_in_native, id=5736, stack(0x0000000008f20000,0x0000000009020000)]
  0x0000000007fbb800 JavaThread "Attach Listener" daemon [_thread_blocked, id=5340, stack(0x0000000008e20000,0x0000000008f20000)]
  0x0000000007fb8800 JavaThread "Signal Dispatcher" daemon [_thread_blocked, id=3988, stack(0x0000000008d20000,0x0000000008e20000)]
  0x0000000007f83800 JavaThread "Finalizer" daemon [_thread_blocked, id=2948, stack(0x0000000008c20000,0x0000000008d20000)]
  0x0000000007f81000 JavaThread "Reference Handler" daemon [_thread_blocked, id=1620, stack(0x0000000008b20000,0x0000000008c20000)]
  0x0000000002230800 JavaThread "main" [_thread_blocked, id=5316, stack(0x00000000020b0000,0x00000000021b0000)]

Other Threads:
  0x0000000007f7b800 VMThread [stack: 0x0000000008a20000,0x0000000008b20000] [id=5492]
  0x0000000007fd6000 WatcherThread [stack: 0x0000000009220000,0x0000000009320000] [id=3580]

VM state:not at safepoint (normal execution)

VM Mutex/Monitor currently owned by a thread: None

Heap
 PSYoungGen      total 28672K, used 25814K [0x00000000eaa80000, 0x00000000eca00000, 0x0000000100000000)
  eden space 25088K, 88% used [0x00000000eaa80000,0x00000000ec038500,0x00000000ec300000)
  from space 3584K, 99% used [0x00000000ec300000,0x00000000ec67d318,0x00000000ec680000)
  to   space 3584K, 0% used [0x00000000ec680000,0x00000000ec680000,0x00000000eca00000)
 ParOldGen       total 64512K, used 1815K [0x00000000c0000000, 0x00000000c3f00000, 0x00000000eaa80000)
  object space 64512K, 2% used [0x00000000c0000000,0x00000000c01c5f20,0x00000000c3f00000)
 PSPermGen       total 21504K, used 5410K [0x00000000bae00000, 0x00000000bc300000, 0x00000000c0000000)
  object space 21504K, 25% used [0x00000000bae00000,0x00000000bb348838,0x00000000bc300000)

Card table byte_map: [0x0000000005430000,0x0000000005660000] byte_map_base: 0x0000000004e59000

Polling page: 0x0000000000950000

Code Cache  [0x0000000002430000, 0x00000000026a0000, 0x0000000005430000)
 total_blobs=548 nmethods=335 adapters=166 free_code_cache=47694Kb largest_free_block=48797056

Compilation events (10 events):
Event: 4.972 Thread 0x0000000007fcc000 nmethod 330 0x0000000002592410 code [0x00000000025925a0, 0x0000000002592b28]
Event: 4.973 Thread 0x0000000007fcc000  333   !         com.android.dx.cf.code.RopperMachine::run (1550 bytes)
Event: 4.994 Thread 0x0000000007fbd800 nmethod 332 0x00000000025a34d0 code [0x00000000025a3780, 0x00000000025a4aa8]
Event: 4.996 Thread 0x0000000007fbd800  334             com.android.dx.ssa.SsaRenamer$BlockRenamer$RenamingMapper::map (28 bytes)
Event: 4.998 Thread 0x0000000007fbd800 nmethod 334 0x0000000002591fd0 code [0x0000000002592120, 0x0000000002592228]
Event: 5.000 Thread 0x0000000007fbd800  335             java.lang.String::<init> (67 bytes)
Event: 5.002 Thread 0x0000000007fbd800 nmethod 335 0x000000000258da90 code [0x000000000258dbe0, 0x000000000258de38]
Event: 5.010 Thread 0x0000000007fbd800  336             com.android.dx.rop.code.ThrowingCstInsn::accept (8 bytes)
Event: 5.011 Thread 0x0000000007fbd800 nmethod 336 0x000000000258fa10 code [0x000000000258fb60, 0x000000000258fbd8]
Event: 5.013 Thread 0x0000000007fbd800  337   !         com.android.dx.cf.code.BytecodeArray::parseInstruction (2764 bytes)

GC Heap History (2 events):
Event: 2.601 GC heap before
{Heap before GC invocations=1 (full 0):
 PSYoungGen      total 28672K, used 25088K [0x00000000eaa80000, 0x00000000eca00000, 0x0000000100000000)
  eden space 25088K, 100% used [0x00000000eaa80000,0x00000000ec300000,0x00000000ec300000)
  from space 3584K, 0% used [0x00000000ec680000,0x00000000ec680000,0x00000000eca00000)
  to   space 3584K, 0% used [0x00000000ec300000,0x00000000ec300000,0x00000000ec680000)
 ParOldGen       total 64512K, used 0K [0x00000000c0000000, 0x00000000c3f00000, 0x00000000eaa80000)
  object space 64512K, 0% used [0x00000000c0000000,0x00000000c0000000,0x00000000c3f00000)
 PSPermGen       total 21504K, used 5289K [0x00000000bae00000, 0x00000000bc300000, 0x00000000c0000000)
  object space 21504K, 24% used [0x00000000bae00000,0x00000000bb32a4a0,0x00000000bc300000)
Event: 3.233 GC heap after
Heap after GC invocations=1 (full 0):
 PSYoungGen      total 28672K, used 3572K [0x00000000eaa80000, 0x00000000eca00000, 0x0000000100000000)
  eden space 25088K, 0% used [0x00000000eaa80000,0x00000000eaa80000,0x00000000ec300000)
  from space 3584K, 99% used [0x00000000ec300000,0x00000000ec67d318,0x00000000ec680000)
  to   space 3584K, 0% used [0x00000000ec680000,0x00000000ec680000,0x00000000eca00000)
 ParOldGen       total 64512K, used 1815K [0x00000000c0000000, 0x00000000c3f00000, 0x00000000eaa80000)
  object space 64512K, 2% used [0x00000000c0000000,0x00000000c01c5f20,0x00000000c3f00000)
 PSPermGen       total 21504K, used 5289K [0x00000000bae00000, 0x00000000bc300000, 0x00000000c0000000)
  object space 21504K, 24% used [0x00000000bae00000,0x00000000bb32a4a0,0x00000000bc300000)
}

Deoptimization events (10 events):
Event: 3.460 Thread 0x00000000093b7000 Uncommon trap: reason=unreached action=reinterpret pc=0x00000000024b5c60 method=com.android.dx.rop.code.RegisterSpec.equals(ILcom/android/dx/rop/type/TypeBearer;Lcom/android/dx/rop/code/LocalItem;)Z @ 24
Event: 3.460 Thread 0x00000000093b7000 Uncommon trap: reason=unreached action=reinterpret pc=0x00000000024e0ad8 method=com.android.dx.ssa.LocalVariableExtractor.processBlock(I)V @ 194
Event: 3.474 Thread 0x0000000007fe6000 Uncommon trap: reason=class_check action=maybe_recompile pc=0x00000000024b3fa0 method=com.android.dx.rop.type.Type.equals(Ljava/lang/Object;)Z @ 8
Event: 3.498 Thread 0x00000000093b6000 Uncommon trap: reason=unreached action=reinterpret pc=0x00000000024e57fc method=com.android.dx.cf.code.BasicBlocker.getBlockList()Lcom/android/dx/cf/code/ByteBlockList; @ 102
Event: 4.233 Thread 0x0000000007fe6000 Uncommon trap: reason=bimorphic action=maybe_recompile pc=0x0000000002529eac method=com.android.dx.cf.code.BytecodeArray.parseInstruction(ILcom/android/dx/cf/code/BytecodeArray$Visitor;)I @ 2484
Event: 4.237 Thread 0x0000000007fe6000 Uncommon trap: reason=bimorphic action=maybe_recompile pc=0x0000000002529eac method=com.android.dx.cf.code.BytecodeArray.parseInstruction(ILcom/android/dx/cf/code/BytecodeArray$Visitor;)I @ 2484
Event: 4.238 Thread 0x00000000093b7000 Uncommon trap: reason=bimorphic action=maybe_recompile pc=0x000000000252a848 method=com.android.dx.cf.code.BytecodeArray.parseInstruction(ILcom/android/dx/cf/code/BytecodeArray$Visitor;)I @ 987
Event: 4.245 Thread 0x00000000093b7000 Uncommon trap: reason=bimorphic action=maybe_recompile pc=0x000000000252a848 method=com.android.dx.cf.code.BytecodeArray.parseInstruction(ILcom/android/dx/cf/code/BytecodeArray$Visitor;)I @ 987
Event: 4.260 Thread 0x00000000093b7800 Uncommon trap: reason=class_check action=maybe_recompile pc=0x00000000024bc31c method=com.android.dx.ssa.NormalSsaInsn.accept(Lcom/android/dx/ssa/SsaInsn$Visitor;)V @ 9
Event: 4.397 Thread 0x00000000093b7000 Uncommon trap: reason=null_check action=make_not_entrant pc=0x00000000025458f4 method=com.android.dx.ssa.SsaRenamer.getLocalForNewReg(I)Lcom/android/dx/rop/code/LocalItem; @ 19

Internal exceptions (10 events):
Event: 1.151 Thread 0x00000000093b7800 Threw 0x00000000eb356fe0 at C:\re\jdk7u60\1081\hotspot\src\share\vm\prims\jvm.cpp:1244
Event: 3.433 Thread 0x0000000002230800 Threw 0x00000000eae3f7c8 at C:\re\jdk7u60\1081\hotspot\src\share\vm\prims\jvm.cpp:1244
Event: 3.453 Thread 0x00000000093b7000 Threw 0x00000000eb0693e8 at C:\re\jdk7u60\1081\hotspot\src\share\vm\prims\jvm.cpp:1244
Event: 3.466 Thread 0x0000000002230800 Threw 0x00000000eae5aa28 at C:\re\jdk7u60\1081\hotspot\src\share\vm\prims\jvm.cpp:1244
Event: 3.466 Thread 0x0000000002230800 Threw 0x00000000eae5ffc8 at C:\re\jdk7u60\1081\hotspot\src\share\vm\prims\jvm.cpp:1244
Event: 3.467 Thread 0x0000000002230800 Threw 0x00000000eae63248 at C:\re\jdk7u60\1081\hotspot\src\share\vm\prims\jvm.cpp:1244
Event: 3.470 Thread 0x0000000007fe6000 Threw 0x00000000eb03c970 at C:\re\jdk7u60\1081\hotspot\src\share\vm\prims\jvm.cpp:1244
Event: 3.497 Thread 0x00000000093b6000 Threw 0x00000000eb1d81b8 at C:\re\jdk7u60\1081\hotspot\src\share\vm\prims\jvm.cpp:1244
Event: 3.498 Thread 0x00000000093b6000 Implicit null exception at 0x00000000024e4ed7 to 0x00000000024e57c5
Event: 4.397 Thread 0x00000000093b7000 Implicit null exception at 0x00000000025433be to 0x00000000025458cd

Events (10 events):
Event: 4.265 loading class 0x00000000080686b0 done
Event: 4.265 loading class 0x0000000008068680
Event: 4.265 loading class 0x0000000008068680 done
Event: 4.265 Executing VM operation: Deoptimize
Event: 4.267 Executing VM operation: Deoptimize done
Event: 4.397 Thread 0x00000000093b7000 Uncommon trap: trap_request=0xfffffff4 fr.pc=0x00000000025458f4
Event: 4.397 Thread 0x00000000093b7000 DEOPT PACKING pc=0x00000000025458f4 sp=0x0000000009b1ecb0
Event: 4.397 Thread 0x00000000093b7000 DEOPT UNPACKING pc=0x0000000002469064 sp=0x0000000009b1ea60 mode 2
Event: 4.465 Executing VM operation: EnableBiasedLocking
Event: 4.773 Executing VM operation: EnableBiasedLocking done


Dynamic libraries:
0x00007ff7aa420000 - 0x00007ff7aa453000 	C:\Program Files\Java\jdk1.7.0_60\bin\java.exe
0x00007ff8c38a0000 - 0x00007ff8c3a4d000 	C:\Windows\SYSTEM32\ntdll.dll
0x00007ff8c1820000 - 0x00007ff8c195e000 	C:\Windows\system32\KERNEL32.DLL
0x00007ff8c0b00000 - 0x00007ff8c0c15000 	C:\Windows\system32\KERNELBASE.dll
0x00007ff8bf5a0000 - 0x00007ff8bf62e000 	C:\Windows\system32\apphelp.dll
0x00007ff8b71a0000 - 0x00007ff8b71f3000 	C:\Windows\AppPatch\AppPatch64\AcGenral.DLL
0x00007ff8c1290000 - 0x00007ff8c133a000 	C:\Windows\system32\msvcrt.dll
0x00007ff8c0f00000 - 0x00007ff8c0f2e000 	C:\Windows\system32\SspiCli.dll
0x00007ff8c3320000 - 0x00007ff8c3374000 	C:\Windows\system32\SHLWAPI.dll
0x00007ff8c3190000 - 0x00007ff8c3307000 	C:\Windows\system32\USER32.dll
0x00007ff8c1020000 - 0x00007ff8c11b4000 	C:\Windows\system32\ole32.dll
0x00007ff8c1ab0000 - 0x00007ff8c2fda000 	C:\Windows\system32\SHELL32.dll
0x00007ff8bffa0000 - 0x00007ff8bffc1000 	C:\Windows\SYSTEM32\USERENV.dll
0x00007ff8c0f30000 - 0x00007ff8c0fda000 	C:\Windows\system32\ADVAPI32.dll
0x00007ff8bb180000 - 0x00007ff8bb19e000 	C:\Windows\SYSTEM32\MPR.dll
0x00007ff8c3760000 - 0x00007ff8c38a0000 	C:\Windows\system32\RPCRT4.dll
0x00007ff8c11c0000 - 0x00007ff8c1219000 	C:\Windows\SYSTEM32\sechost.dll
0x00007ff8c3540000 - 0x00007ff8c3751000 	C:\Windows\SYSTEM32\combase.dll
0x00007ff8c1960000 - 0x00007ff8c1aaf000 	C:\Windows\system32\GDI32.dll
0x00007ff8c09d0000 - 0x00007ff8c09e5000 	C:\Windows\SYSTEM32\profapi.dll
0x00007ff8bc9b0000 - 0x00007ff8bca62000 	C:\Windows\SYSTEM32\SHCORE.dll
0x00007ff8c0fe0000 - 0x00007ff8c1016000 	C:\Windows\system32\IMM32.DLL
0x00007ff8c16c0000 - 0x00007ff8c1812000 	C:\Windows\system32\MSCTF.dll
0x00007ff8bbf20000 - 0x00007ff8bc19b000 	C:\Windows\WinSxS\amd64_microsoft.windows.common-controls_6595b64144ccf1df_6.0.9600.18006_none_623f33d3ecbe86e8\COMCTL32.dll
0x000000005e080000 - 0x000000005e152000 	C:\Program Files\Java\jdk1.7.0_60\jre\bin\msvcr100.dll
0x000000005e5f0000 - 0x000000005edc2000 	C:\Program Files\Java\jdk1.7.0_60\jre\bin\server\jvm.dll
0x00007ff8bedd0000 - 0x00007ff8bedd9000 	C:\Windows\SYSTEM32\WSOCK32.dll
0x00007ff8bd4e0000 - 0x00007ff8bd502000 	C:\Windows\SYSTEM32\WINMM.dll
0x00007ff8c3530000 - 0x00007ff8c3537000 	C:\Windows\system32\PSAPI.DLL
0x00007ff8c13c0000 - 0x00007ff8c141a000 	C:\Windows\system32\WS2_32.dll
0x00007ff8bd430000 - 0x00007ff8bd45a000 	C:\Windows\SYSTEM32\WINMMBASE.dll
0x00007ff8c1280000 - 0x00007ff8c1289000 	C:\Windows\system32\NSI.dll
0x00007ff8c0e00000 - 0x00007ff8c0e4f000 	C:\Windows\SYSTEM32\cfgmgr32.dll
0x00007ff8bf7f0000 - 0x00007ff8bf818000 	C:\Windows\SYSTEM32\DEVOBJ.dll
0x000000005e500000 - 0x000000005e50f000 	C:\Program Files\Java\jdk1.7.0_60\jre\bin\verify.dll
0x000000005e4d0000 - 0x000000005e4f8000 	C:\Program Files\Java\jdk1.7.0_60\jre\bin\java.dll
0x000000005e4b0000 - 0x000000005e4c5000 	C:\Program Files\Java\jdk1.7.0_60\jre\bin\zip.dll

VM Arguments:
jvm_args: -Djava.awt.headless=true -Xmx1024M -Dfile.encoding=windows-1252 -Duser.country=IN -Duser.language=en -Duser.variant 
java_command: com.android.dx.command.Main --dex --force-jumbo --num-threads=4 --multi-dex --output D:\AUTOSPEC\AutoSpec\app\build\intermediates\transforms\dex\debug\folders\1000\5\slice_1 D:\AUTOSPEC\AutoSpec\app\build\intermediates\transforms\instantRunSlicer\debug\folders\1\5\slice_1
Launcher Type: SUN_STANDARD

Environment Variables:
PATH="C:\Program Files\Java\jdk1.7.0_60\bin";"C:\Program Files\Java\jdk1.7.0_60\bin"
USERNAME=Admin
OS=Windows_NT
PROCESSOR_IDENTIFIER=Intel64 Family 6 Model 58 Stepping 9, GenuineIntel



---------------  S Y S T E M  ---------------

OS: Windows 8.1 , 64 bit Build 9600 

CPU:total 2 (2 cores per cpu, 1 threads per core) family 6 model 58 stepping 9, cmov, cx8, fxsr, mmx, sse, sse2, sse3, ssse3, sse4.1, sse4.2, popcnt, erms, tsc, tscinvbit, tscinv

Memory: 4k page, physical 6185000k(865088k free), swap 9330728k(5576k free)

vm_info: Java HotSpot(TM) 64-Bit Server VM (24.60-b09) for windows-amd64 JRE (1.7.0_60-b19), built on May  7 2014 12:55:18 by "java_re" with unknown MS VC++:1600

time: Mon Jun 20 18:35:34 2016
elapsed time: 5 seconds

